0 verbose cli /usr/local/bin/node /usr/local/bin/npm
1 info using npm@10.8.1
2 info using node@v20.14.0
3 silly config load:file:/usr/local/lib/node_modules/npm/npmrc
4 silly config load:file:/root/porting/ports/math/h2oai/work/h2o-3-jenkins-3.46.0.1/h2o-web/.npmrc
5 silly config load:file:/root/.npmrc
6 silly config load:file:/usr/local/etc/npmrc
7 verbose title npm install
8 verbose argv "install" "--cache" "/tmp/h2oai_build/npm_cache"
9 verbose logfile logs-max:10 dir:/tmp/h2oai_build/npm_cache/_logs/2024-08-24T10_07_00_699Z-
10 verbose logfile /tmp/h2oai_build/npm_cache/_logs/2024-08-24T10_07_00_699Z-debug-0.log
11 silly packumentCache heap:4345298944 maxSize:1086324736 maxEntrySize:543162368
12 silly logfile done cleaning log files
13 silly idealTree buildDeps
14 silly fetch manifest bower@^1.8.8
15 silly packumentCache full:https://registry.npmjs.org/bower cache-miss
16 http fetch GET 200 https://registry.npmjs.org/npm 213ms
17 http fetch GET 200 https://registry.npmjs.org/bower 213ms (cache miss)
18 silly packumentCache full:https://registry.npmjs.org/bower set size:undefined disposed:false
19 silly fetch manifest coffeescript@^2.3.2
20 silly packumentCache full:https://registry.npmjs.org/coffeescript cache-miss
21 http fetch GET 200 https://registry.npmjs.org/coffeescript 25ms (cache miss)
22 silly packumentCache full:https://registry.npmjs.org/coffeescript set size:undefined disposed:false
23 silly fetch manifest diecut@^0.0.1
24 silly packumentCache full:https://registry.npmjs.org/diecut cache-miss
25 http fetch GET 200 https://registry.npmjs.org/diecut 508ms (cache miss)
26 silly packumentCache full:https://registry.npmjs.org/diecut set size:undefined disposed:false
27 silly fetch manifest fiction@^0.0.5
28 silly packumentCache full:https://registry.npmjs.org/fiction cache-miss
29 http fetch GET 200 https://registry.npmjs.org/fiction 560ms (cache miss)
30 silly packumentCache full:https://registry.npmjs.org/fiction set size:undefined disposed:false
31 silly fetch manifest fs-extra@^7.0.1
32 silly packumentCache full:https://registry.npmjs.org/fs-extra cache-miss
33 http fetch GET 200 https://registry.npmjs.org/fs-extra 28ms (cache miss)
34 silly packumentCache full:https://registry.npmjs.org/fs-extra set size:undefined disposed:false
35 silly fetch manifest htmlparser2@^3.10.0
36 silly packumentCache full:https://registry.npmjs.org/htmlparser2 cache-miss
37 http fetch GET 200 https://registry.npmjs.org/htmlparser2 31ms (cache miss)
38 silly packumentCache full:https://registry.npmjs.org/htmlparser2 set size:undefined disposed:false
39 silly fetch manifest js-yaml@^3.13.1
40 silly packumentCache full:https://registry.npmjs.org/js-yaml cache-miss
41 http fetch GET 200 https://registry.npmjs.org/js-yaml 44ms (cache miss)
42 silly packumentCache full:https://registry.npmjs.org/js-yaml set size:undefined disposed:false
43 silly fetch manifest lodash@^4.17.11
44 silly packumentCache full:https://registry.npmjs.org/lodash cache-miss
45 http fetch GET 200 https://registry.npmjs.org/lodash 25ms (cache miss)
46 silly packumentCache full:https://registry.npmjs.org/lodash set size:undefined disposed:false
47 silly fetch manifest marked@^0.6.2
48 silly packumentCache full:https://registry.npmjs.org/marked cache-miss
49 http fetch GET 200 https://registry.npmjs.org/marked 28ms (cache miss)
50 silly packumentCache full:https://registry.npmjs.org/marked set size:undefined disposed:false
51 silly fetch manifest minimist@^1.2.0
52 silly packumentCache full:https://registry.npmjs.org/minimist cache-miss
53 http fetch GET 200 https://registry.npmjs.org/minimist 22ms (cache miss)
54 silly packumentCache full:https://registry.npmjs.org/minimist set size:undefined disposed:false
55 silly fetch manifest mkdirp@^0.5.1
56 silly packumentCache full:https://registry.npmjs.org/mkdirp cache-miss
57 http fetch GET 200 https://registry.npmjs.org/mkdirp 32ms (cache miss)
58 silly packumentCache full:https://registry.npmjs.org/mkdirp set size:undefined disposed:false
59 silly fetch manifest puppeteer-core@^1.10.0
60 silly packumentCache full:https://registry.npmjs.org/puppeteer-core cache-miss
61 http fetch GET 200 https://registry.npmjs.org/puppeteer-core 35ms (cache miss)
62 silly packumentCache full:https://registry.npmjs.org/puppeteer-core set size:undefined disposed:false
63 silly fetch manifest request@^2.88.0
64 silly packumentCache full:https://registry.npmjs.org/request cache-miss
65 http fetch GET 200 https://registry.npmjs.org/request 32ms (cache miss)
66 silly packumentCache full:https://registry.npmjs.org/request set size:undefined disposed:false
67 silly placeDep ROOT bower@1.8.14 OK for: h2o-web@0.0.0 want: ^1.8.8
68 silly placeDep ROOT coffeescript@2.7.0 OK for: h2o-web@0.0.0 want: ^2.3.2
69 silly placeDep ROOT diecut@0.0.1 OK for: h2o-web@0.0.0 want: ^0.0.1
70 silly placeDep ROOT fiction@0.0.5 OK for: h2o-web@0.0.0 want: ^0.0.5
71 silly placeDep ROOT fs-extra@7.0.1 OK for: h2o-web@0.0.0 want: ^7.0.1
72 silly placeDep ROOT htmlparser2@3.10.1 OK for: h2o-web@0.0.0 want: ^3.10.0
73 silly placeDep ROOT js-yaml@3.14.1 OK for: h2o-web@0.0.0 want: ^3.13.1
74 silly placeDep ROOT lodash@4.17.21 OK for: h2o-web@0.0.0 want: ^4.17.11
75 silly placeDep ROOT marked@0.6.3 OK for: h2o-web@0.0.0 want: ^0.6.2
76 silly placeDep ROOT minimist@1.2.8 OK for: h2o-web@0.0.0 want: ^1.2.0
77 silly placeDep ROOT mkdirp@0.5.6 OK for: h2o-web@0.0.0 want: ^0.5.1
78 silly placeDep ROOT puppeteer-core@1.20.0 OK for: h2o-web@0.0.0 want: ^1.10.0
79 silly placeDep ROOT request@2.88.2 OK for: h2o-web@0.0.0 want: ^2.88.0
80 silly fetch manifest htmlparser2@^3.8.2
81 silly packumentCache full:https://registry.npmjs.org/htmlparser2 cache-miss
82 silly fetch manifest graceful-fs@^4.1.2
83 silly packumentCache full:https://registry.npmjs.org/graceful-fs cache-miss
84 silly fetch manifest jsonfile@^4.0.0
85 silly packumentCache full:https://registry.npmjs.org/jsonfile cache-miss
86 silly fetch manifest universalify@^0.1.0
87 silly packumentCache full:https://registry.npmjs.org/universalify cache-miss
88 silly fetch manifest domelementtype@^1.3.1
89 silly packumentCache full:https://registry.npmjs.org/domelementtype cache-miss
90 silly fetch manifest domhandler@^2.3.0
91 silly packumentCache full:https://registry.npmjs.org/domhandler cache-miss
92 silly fetch manifest domutils@^1.5.1
93 silly packumentCache full:https://registry.npmjs.org/domutils cache-miss
94 http fetch GET 200 https://registry.npmjs.org/htmlparser2 15ms (cache hit)
95 silly packumentCache full:https://registry.npmjs.org/htmlparser2 set size:159025 disposed:false
96 silly fetch manifest entities@^1.1.1
97 silly packumentCache full:https://registry.npmjs.org/entities cache-miss
98 http fetch GET 200 https://registry.npmjs.org/jsonfile 29ms (cache miss)
99 silly packumentCache full:https://registry.npmjs.org/jsonfile set size:undefined disposed:false
100 silly fetch manifest inherits@^2.0.1
101 silly packumentCache full:https://registry.npmjs.org/inherits cache-miss
102 http fetch GET 200 https://registry.npmjs.org/graceful-fs 35ms (cache miss)
103 silly packumentCache full:https://registry.npmjs.org/graceful-fs set size:undefined disposed:false
104 silly fetch manifest readable-stream@^3.1.1
105 silly packumentCache full:https://registry.npmjs.org/readable-stream cache-miss
106 http fetch GET 200 https://registry.npmjs.org/inherits 22ms (cache miss)
107 silly packumentCache full:https://registry.npmjs.org/inherits set size:undefined disposed:false
108 silly fetch manifest argparse@^1.0.7
109 silly packumentCache full:https://registry.npmjs.org/argparse cache-miss
110 http fetch GET 200 https://registry.npmjs.org/readable-stream 25ms (cache miss)
111 silly packumentCache full:https://registry.npmjs.org/readable-stream set size:undefined disposed:false
112 silly fetch manifest esprima@^4.0.0
113 silly packumentCache full:https://registry.npmjs.org/esprima cache-miss
114 http fetch GET 200 https://registry.npmjs.org/argparse 21ms (cache miss)
115 silly packumentCache full:https://registry.npmjs.org/argparse set size:undefined disposed:false
116 silly fetch manifest ws@^6.1.0
117 silly packumentCache full:https://registry.npmjs.org/ws cache-miss
118 http fetch GET 200 https://registry.npmjs.org/esprima 25ms (cache miss)
119 silly packumentCache full:https://registry.npmjs.org/esprima set size:undefined disposed:false
120 silly fetch manifest mime@^2.0.3
121 silly packumentCache full:https://registry.npmjs.org/mime cache-miss
122 http fetch GET 200 https://registry.npmjs.org/ws 26ms (cache miss)
123 silly packumentCache full:https://registry.npmjs.org/ws set size:undefined disposed:false
124 silly fetch manifest debug@^4.1.0
125 silly packumentCache full:https://registry.npmjs.org/debug cache-miss
126 http fetch GET 200 https://registry.npmjs.org/mime 25ms (cache miss)
127 silly packumentCache full:https://registry.npmjs.org/mime set size:undefined disposed:false
128 silly fetch manifest rimraf@^2.6.1
129 silly packumentCache full:https://registry.npmjs.org/rimraf cache-miss
130 http fetch GET 200 https://registry.npmjs.org/debug 25ms (cache miss)
131 silly packumentCache full:https://registry.npmjs.org/debug set size:undefined disposed:false
132 silly fetch manifest progress@^2.0.1
133 silly packumentCache full:https://registry.npmjs.org/progress cache-miss
134 http fetch GET 200 https://registry.npmjs.org/rimraf 32ms (cache miss)
135 silly packumentCache full:https://registry.npmjs.org/rimraf set size:undefined disposed:false
136 silly fetch manifest extract-zip@^1.6.6
137 silly packumentCache full:https://registry.npmjs.org/extract-zip cache-miss
138 http fetch GET 200 https://registry.npmjs.org/extract-zip 22ms (cache miss)
139 silly packumentCache full:https://registry.npmjs.org/extract-zip set size:undefined disposed:false
140 silly fetch manifest proxy-from-env@^1.0.0
141 silly packumentCache full:https://registry.npmjs.org/proxy-from-env cache-miss
142 http fetch GET 200 https://registry.npmjs.org/progress 45ms (cache miss)
143 silly packumentCache full:https://registry.npmjs.org/progress set size:undefined disposed:false
144 silly fetch manifest https-proxy-agent@^2.2.1
145 silly packumentCache full:https://registry.npmjs.org/https-proxy-agent cache-miss
146 http fetch GET 200 https://registry.npmjs.org/universalify 189ms (cache miss)
147 silly packumentCache full:https://registry.npmjs.org/universalify set size:undefined disposed:false
148 silly fetch manifest qs@~6.5.2
149 silly packumentCache full:https://registry.npmjs.org/qs cache-miss
150 http fetch GET 200 https://registry.npmjs.org/proxy-from-env 27ms (cache miss)
151 silly packumentCache full:https://registry.npmjs.org/proxy-from-env set size:undefined disposed:false
152 silly fetch manifest aws4@^1.8.0
153 silly packumentCache full:https://registry.npmjs.org/aws4 cache-miss
154 http fetch GET 200 https://registry.npmjs.org/https-proxy-agent 30ms (cache miss)
155 silly packumentCache full:https://registry.npmjs.org/https-proxy-agent set size:undefined disposed:false
156 silly fetch manifest uuid@^3.3.2
157 silly packumentCache full:https://registry.npmjs.org/uuid cache-miss
158 http fetch GET 200 https://registry.npmjs.org/domelementtype 223ms (cache miss)
159 silly packumentCache full:https://registry.npmjs.org/domelementtype set size:undefined disposed:false
160 silly fetch manifest extend@~3.0.2
161 silly packumentCache full:https://registry.npmjs.org/extend cache-miss
162 http fetch GET 200 https://registry.npmjs.org/qs 37ms (cache miss)
163 silly packumentCache full:https://registry.npmjs.org/qs set size:undefined disposed:false
164 silly fetch manifest caseless@~0.12.0
165 silly packumentCache full:https://registry.npmjs.org/caseless cache-miss
166 http fetch GET 200 https://registry.npmjs.org/domhandler 237ms (cache miss)
167 silly packumentCache full:https://registry.npmjs.org/domhandler set size:undefined disposed:false
168 silly fetch manifest isstream@~0.1.2
169 silly packumentCache full:https://registry.npmjs.org/isstream cache-miss
170 http fetch GET 200 https://registry.npmjs.org/aws4 49ms (cache miss)
171 silly packumentCache full:https://registry.npmjs.org/aws4 set size:undefined disposed:false
172 silly fetch manifest aws-sign2@~0.7.0
173 silly packumentCache full:https://registry.npmjs.org/aws-sign2 cache-miss
174 http fetch GET 200 https://registry.npmjs.org/extend 37ms (cache miss)
175 silly packumentCache full:https://registry.npmjs.org/extend set size:undefined disposed:false
176 silly fetch manifest form-data@~2.3.2
177 silly packumentCache full:https://registry.npmjs.org/form-data cache-miss
178 http fetch GET 200 https://registry.npmjs.org/caseless 34ms (cache miss)
179 silly packumentCache full:https://registry.npmjs.org/caseless set size:undefined disposed:false
180 silly fetch manifest mime-types@~2.1.19
181 silly packumentCache full:https://registry.npmjs.org/mime-types cache-miss
182 http fetch GET 200 https://registry.npmjs.org/uuid 50ms (cache miss)
183 silly packumentCache full:https://registry.npmjs.org/uuid set size:undefined disposed:false
184 silly fetch manifest oauth-sign@~0.9.0
185 silly packumentCache full:https://registry.npmjs.org/oauth-sign cache-miss
186 http fetch GET 200 https://registry.npmjs.org/domutils 269ms (cache miss)
187 silly packumentCache full:https://registry.npmjs.org/domutils set size:undefined disposed:false
188 silly fetch manifest safe-buffer@^5.1.2
189 silly packumentCache full:https://registry.npmjs.org/safe-buffer cache-miss
190 http fetch GET 200 https://registry.npmjs.org/isstream 34ms (cache miss)
191 silly packumentCache full:https://registry.npmjs.org/isstream set size:undefined disposed:false
192 silly fetch manifest tough-cookie@~2.5.0
193 silly packumentCache full:https://registry.npmjs.org/tough-cookie cache-miss
194 http fetch GET 200 https://registry.npmjs.org/aws-sign2 29ms (cache miss)
195 silly packumentCache full:https://registry.npmjs.org/aws-sign2 set size:undefined disposed:false
196 silly fetch manifest tunnel-agent@^0.6.0
197 silly packumentCache full:https://registry.npmjs.org/tunnel-agent cache-miss
198 http fetch GET 200 https://registry.npmjs.org/form-data 42ms (cache miss)
199 silly packumentCache full:https://registry.npmjs.org/form-data set size:undefined disposed:false
200 silly fetch manifest forever-agent@~0.6.1
201 silly packumentCache full:https://registry.npmjs.org/forever-agent cache-miss
202 http fetch GET 200 https://registry.npmjs.org/oauth-sign 41ms (cache miss)
203 silly packumentCache full:https://registry.npmjs.org/oauth-sign set size:undefined disposed:false
204 silly fetch manifest har-validator@~5.1.3
205 silly packumentCache full:https://registry.npmjs.org/har-validator cache-miss
206 http fetch GET 200 https://registry.npmjs.org/entities 296ms (cache miss)
207 silly packumentCache full:https://registry.npmjs.org/entities set size:undefined disposed:false
208 silly fetch manifest is-typedarray@~1.0.0
209 silly packumentCache full:https://registry.npmjs.org/is-typedarray cache-miss
210 http fetch GET 200 https://registry.npmjs.org/safe-buffer 44ms (cache miss)
211 silly packumentCache full:https://registry.npmjs.org/safe-buffer set size:undefined disposed:false
212 silly fetch manifest http-signature@~1.2.0
213 silly packumentCache full:https://registry.npmjs.org/http-signature cache-miss
214 http fetch GET 200 https://registry.npmjs.org/tough-cookie 45ms (cache miss)
215 silly packumentCache full:https://registry.npmjs.org/tough-cookie set size:undefined disposed:false
216 silly fetch manifest combined-stream@~1.0.6
217 silly packumentCache full:https://registry.npmjs.org/combined-stream cache-miss
218 http fetch GET 200 https://registry.npmjs.org/mime-types 56ms (cache miss)
219 silly packumentCache full:https://registry.npmjs.org/mime-types set size:undefined disposed:false
220 silly fetch manifest performance-now@^2.1.0
221 silly packumentCache full:https://registry.npmjs.org/performance-now cache-miss
222 http fetch GET 200 https://registry.npmjs.org/tunnel-agent 37ms (cache miss)
223 silly packumentCache full:https://registry.npmjs.org/tunnel-agent set size:undefined disposed:false
224 silly fetch manifest json-stringify-safe@~5.0.1
225 silly packumentCache full:https://registry.npmjs.org/json-stringify-safe cache-miss
226 http fetch GET 200 https://registry.npmjs.org/forever-agent 28ms (cache miss)
227 silly packumentCache full:https://registry.npmjs.org/forever-agent set size:undefined disposed:false
228 http fetch GET 200 https://registry.npmjs.org/is-typedarray 25ms (cache miss)
229 silly packumentCache full:https://registry.npmjs.org/is-typedarray set size:undefined disposed:false
230 http fetch GET 200 https://registry.npmjs.org/har-validator 28ms (cache miss)
231 silly packumentCache full:https://registry.npmjs.org/har-validator set size:undefined disposed:false
232 http fetch GET 200 https://registry.npmjs.org/performance-now 19ms (cache miss)
233 silly packumentCache full:https://registry.npmjs.org/performance-now set size:undefined disposed:false
234 http fetch GET 200 https://registry.npmjs.org/json-stringify-safe 23ms (cache miss)
235 silly packumentCache full:https://registry.npmjs.org/json-stringify-safe set size:undefined disposed:false
236 http fetch GET 200 https://registry.npmjs.org/http-signature 32ms (cache miss)
237 silly packumentCache full:https://registry.npmjs.org/http-signature set size:undefined disposed:false
238 http fetch GET 200 https://registry.npmjs.org/combined-stream 29ms (cache miss)
239 silly packumentCache full:https://registry.npmjs.org/combined-stream set size:undefined disposed:false
240 silly placeDep ROOT graceful-fs@4.2.11 OK for: fs-extra@7.0.1 want: ^4.1.2
241 silly placeDep ROOT jsonfile@4.0.0 OK for: fs-extra@7.0.1 want: ^4.0.0
242 silly placeDep ROOT universalify@0.1.2 OK for: fs-extra@7.0.1 want: ^0.1.0
243 silly placeDep ROOT domelementtype@1.3.1 OK for: htmlparser2@3.10.1 want: ^1.3.1
244 silly placeDep ROOT domhandler@2.4.2 OK for: htmlparser2@3.10.1 want: ^2.3.0
245 silly placeDep ROOT domutils@1.7.0 OK for: htmlparser2@3.10.1 want: ^1.5.1
246 silly placeDep ROOT entities@1.1.2 OK for: htmlparser2@3.10.1 want: ^1.1.1
247 silly placeDep ROOT inherits@2.0.4 OK for: htmlparser2@3.10.1 want: ^2.0.1
248 silly placeDep ROOT readable-stream@3.6.2 OK for: htmlparser2@3.10.1 want: ^3.1.1
249 silly fetch manifest dom-serializer@0
250 silly packumentCache full:https://registry.npmjs.org/dom-serializer cache-miss
251 silly fetch manifest string_decoder@^1.1.1
252 silly packumentCache full:https://registry.npmjs.org/string_decoder cache-miss
253 silly fetch manifest util-deprecate@^1.0.1
254 silly packumentCache full:https://registry.npmjs.org/util-deprecate cache-miss
255 http fetch GET 200 https://registry.npmjs.org/string_decoder 25ms (cache miss)
256 silly packumentCache full:https://registry.npmjs.org/string_decoder set size:undefined disposed:false
257 http fetch GET 200 https://registry.npmjs.org/util-deprecate 24ms (cache miss)
258 silly packumentCache full:https://registry.npmjs.org/util-deprecate set size:undefined disposed:false
259 http fetch GET 200 https://registry.npmjs.org/dom-serializer 38ms (cache miss)
260 silly packumentCache full:https://registry.npmjs.org/dom-serializer set size:undefined disposed:false
261 silly placeDep ROOT dom-serializer@0.2.2 OK for: domutils@1.7.0 want: 0
262 silly fetch manifest domelementtype@^2.0.1
263 silly packumentCache full:https://registry.npmjs.org/domelementtype cache-miss
264 silly fetch manifest entities@^2.0.0
265 silly packumentCache full:https://registry.npmjs.org/entities cache-miss
266 http fetch GET 200 https://registry.npmjs.org/domelementtype 3ms (cache hit)
267 silly packumentCache full:https://registry.npmjs.org/domelementtype set size:30947 disposed:false
268 http fetch GET 200 https://registry.npmjs.org/entities 4ms (cache hit)
269 silly packumentCache full:https://registry.npmjs.org/entities set size:84558 disposed:false
270 silly placeDep node_modules/dom-serializer domelementtype@2.3.0 OK for: dom-serializer@0.2.2 want: ^2.0.1
271 silly placeDep node_modules/dom-serializer entities@2.2.0 OK for: dom-serializer@0.2.2 want: ^2.0.0
272 silly placeDep ROOT argparse@1.0.10 OK for: js-yaml@3.14.1 want: ^1.0.7
273 silly placeDep ROOT esprima@4.0.1 OK for: js-yaml@3.14.1 want: ^4.0.0
274 silly fetch manifest sprintf-js@~1.0.2
275 silly packumentCache full:https://registry.npmjs.org/sprintf-js cache-miss
276 http fetch GET 200 https://registry.npmjs.org/sprintf-js 22ms (cache miss)
277 silly packumentCache full:https://registry.npmjs.org/sprintf-js set size:undefined disposed:false
278 silly placeDep ROOT sprintf-js@1.0.3 OK for: argparse@1.0.10 want: ~1.0.2
279 silly placeDep ROOT debug@4.3.6 OK for: puppeteer-core@1.20.0 want: ^4.1.0
280 silly placeDep ROOT extract-zip@1.7.0 OK for: puppeteer-core@1.20.0 want: ^1.6.6
281 silly placeDep ROOT https-proxy-agent@2.2.4 OK for: puppeteer-core@1.20.0 want: ^2.2.1
282 silly placeDep ROOT mime@2.6.0 OK for: puppeteer-core@1.20.0 want: ^2.0.3
283 silly placeDep ROOT progress@2.0.3 OK for: puppeteer-core@1.20.0 want: ^2.0.1
284 silly placeDep ROOT proxy-from-env@1.1.0 OK for: puppeteer-core@1.20.0 want: ^1.0.0
285 silly placeDep ROOT rimraf@2.7.1 OK for: puppeteer-core@1.20.0 want: ^2.6.1
286 silly placeDep ROOT ws@6.2.3 OK for: puppeteer-core@1.20.0 want: ^6.1.0
287 silly fetch manifest ms@2.1.2
288 silly packumentCache full:https://registry.npmjs.org/ms cache-miss
289 silly fetch manifest concat-stream@^1.6.2
290 silly packumentCache full:https://registry.npmjs.org/concat-stream cache-miss
291 silly fetch manifest debug@^2.6.9
292 silly packumentCache full:https://registry.npmjs.org/debug cache-miss
293 silly fetch manifest yauzl@^2.10.0
294 silly packumentCache full:https://registry.npmjs.org/yauzl cache-miss
295 silly fetch manifest debug@^3.1.0
296 silly packumentCache full:https://registry.npmjs.org/debug cache-miss
297 silly fetch manifest agent-base@^4.3.0
298 silly packumentCache full:https://registry.npmjs.org/agent-base cache-miss
299 silly fetch manifest glob@^7.1.3
300 silly packumentCache full:https://registry.npmjs.org/glob cache-miss
301 http fetch GET 200 https://registry.npmjs.org/debug 12ms (cache hit)
302 silly packumentCache full:https://registry.npmjs.org/debug set size:186932 disposed:false
303 silly fetch manifest async-limiter@~1.0.0
304 silly packumentCache full:https://registry.npmjs.org/async-limiter cache-miss
305 http fetch GET 200 https://registry.npmjs.org/debug 14ms (cache hit)
306 silly packumentCache full:https://registry.npmjs.org/debug set size:186932 disposed:false
307 silly packumentCache full:https://registry.npmjs.org/debug dispose
308 http fetch GET 200 https://registry.npmjs.org/agent-base 36ms (cache miss)
309 silly packumentCache full:https://registry.npmjs.org/agent-base set size:undefined disposed:false
310 http fetch GET 200 https://registry.npmjs.org/concat-stream 40ms (cache miss)
311 silly packumentCache full:https://registry.npmjs.org/concat-stream set size:undefined disposed:false
312 http fetch GET 200 https://registry.npmjs.org/ms 43ms (cache miss)
313 silly packumentCache full:https://registry.npmjs.org/ms set size:undefined disposed:false
314 http fetch GET 200 https://registry.npmjs.org/yauzl 43ms (cache miss)
315 silly packumentCache full:https://registry.npmjs.org/yauzl set size:undefined disposed:false
316 http fetch GET 200 https://registry.npmjs.org/async-limiter 33ms (cache miss)
317 silly packumentCache full:https://registry.npmjs.org/async-limiter set size:undefined disposed:false
318 http fetch GET 200 https://registry.npmjs.org/glob 46ms (cache miss)
319 silly packumentCache full:https://registry.npmjs.org/glob set size:undefined disposed:false
320 silly placeDep ROOT ms@2.1.2 OK for: debug@4.3.6 want: 2.1.2
321 silly placeDep ROOT concat-stream@1.6.2 OK for: extract-zip@1.7.0 want: ^1.6.2
322 silly placeDep node_modules/extract-zip debug@2.6.9 OK for: extract-zip@1.7.0 want: ^2.6.9
323 silly placeDep ROOT yauzl@2.10.0 OK for: extract-zip@1.7.0 want: ^2.10.0
324 silly fetch manifest buffer-from@^1.0.0
325 silly packumentCache full:https://registry.npmjs.org/buffer-from cache-miss
326 silly fetch manifest readable-stream@^2.2.2
327 silly packumentCache full:https://registry.npmjs.org/readable-stream cache-miss
328 silly fetch manifest typedarray@^0.0.6
329 silly packumentCache full:https://registry.npmjs.org/typedarray cache-miss
330 silly fetch manifest ms@2.0.0
331 silly packumentCache full:https://registry.npmjs.org/ms cache-miss
332 silly fetch manifest fd-slicer@~1.1.0
333 silly packumentCache full:https://registry.npmjs.org/fd-slicer cache-miss
334 silly fetch manifest buffer-crc32@~0.2.3
335 silly packumentCache full:https://registry.npmjs.org/buffer-crc32 cache-miss
336 http fetch GET 200 https://registry.npmjs.org/readable-stream 10ms (cache hit)
337 silly packumentCache full:https://registry.npmjs.org/readable-stream set size:272167 disposed:false
338 http fetch GET 200 https://registry.npmjs.org/ms 12ms (cache hit)
339 silly packumentCache full:https://registry.npmjs.org/ms set size:84885 disposed:false
340 http fetch GET 200 https://registry.npmjs.org/typedarray 26ms (cache miss)
341 silly packumentCache full:https://registry.npmjs.org/typedarray set size:undefined disposed:false
342 http fetch GET 200 https://registry.npmjs.org/fd-slicer 26ms (cache miss)
343 silly packumentCache full:https://registry.npmjs.org/fd-slicer set size:undefined disposed:false
344 http fetch GET 200 https://registry.npmjs.org/buffer-from 35ms (cache miss)
345 silly packumentCache full:https://registry.npmjs.org/buffer-from set size:undefined disposed:false
346 http fetch GET 200 https://registry.npmjs.org/buffer-crc32 32ms (cache miss)
347 silly packumentCache full:https://registry.npmjs.org/buffer-crc32 set size:undefined disposed:false
348 silly placeDep ROOT buffer-from@1.1.2 OK for: concat-stream@1.6.2 want: ^1.0.0
349 silly placeDep node_modules/concat-stream readable-stream@2.3.8 OK for: concat-stream@1.6.2 want: ^2.2.2
350 silly placeDep ROOT typedarray@0.0.6 OK for: concat-stream@1.6.2 want: ^0.0.6
351 silly fetch manifest core-util-is@~1.0.0
352 silly packumentCache full:https://registry.npmjs.org/core-util-is cache-miss
353 silly fetch manifest isarray@~1.0.0
354 silly packumentCache full:https://registry.npmjs.org/isarray cache-miss
355 silly fetch manifest process-nextick-args@~2.0.0
356 silly packumentCache full:https://registry.npmjs.org/process-nextick-args cache-miss
357 silly fetch manifest safe-buffer@~5.1.1
358 silly packumentCache full:https://registry.npmjs.org/safe-buffer cache-miss
359 silly fetch manifest string_decoder@~1.1.1
360 silly packumentCache full:https://registry.npmjs.org/string_decoder cache-miss
361 silly fetch manifest util-deprecate@~1.0.1
362 silly packumentCache full:https://registry.npmjs.org/util-deprecate cache-miss
363 http fetch GET 200 https://registry.npmjs.org/safe-buffer 7ms (cache hit)
364 silly packumentCache full:https://registry.npmjs.org/safe-buffer set size:41183 disposed:false
365 http fetch GET 200 https://registry.npmjs.org/string_decoder 7ms (cache hit)
366 silly packumentCache full:https://registry.npmjs.org/string_decoder set size:28441 disposed:false
367 http fetch GET 200 https://registry.npmjs.org/util-deprecate 11ms (cache hit)
368 silly packumentCache full:https://registry.npmjs.org/util-deprecate set size:6674 disposed:false
369 http fetch GET 200 https://registry.npmjs.org/core-util-is 26ms (cache miss)
370 silly packumentCache full:https://registry.npmjs.org/core-util-is set size:undefined disposed:false
371 http fetch GET 200 https://registry.npmjs.org/isarray 27ms (cache miss)
372 silly packumentCache full:https://registry.npmjs.org/isarray set size:undefined disposed:false
373 http fetch GET 200 https://registry.npmjs.org/process-nextick-args 31ms (cache miss)
374 silly packumentCache full:https://registry.npmjs.org/process-nextick-args set size:undefined disposed:false
375 silly placeDep ROOT agent-base@4.3.0 OK for: https-proxy-agent@2.2.4 want: ^4.3.0
376 silly placeDep node_modules/https-proxy-agent debug@3.2.7 OK for: https-proxy-agent@2.2.4 want: ^3.1.0
377 silly fetch manifest es6-promisify@^5.0.0
378 silly packumentCache full:https://registry.npmjs.org/es6-promisify cache-miss
379 http fetch GET 200 https://registry.npmjs.org/es6-promisify 29ms (cache miss)
380 silly packumentCache full:https://registry.npmjs.org/es6-promisify set size:undefined disposed:false
381 silly placeDep ROOT es6-promisify@5.0.0 OK for: agent-base@4.3.0 want: ^5.0.0
382 silly fetch manifest es6-promise@^4.0.3
383 silly packumentCache full:https://registry.npmjs.org/es6-promise cache-miss
384 http fetch GET 200 https://registry.npmjs.org/es6-promise 22ms (cache miss)
385 silly packumentCache full:https://registry.npmjs.org/es6-promise set size:undefined disposed:false
386 silly placeDep ROOT es6-promise@4.2.8 OK for: es6-promisify@5.0.0 want: ^4.0.3
387 silly placeDep ROOT string_decoder@1.3.0 OK for: readable-stream@3.6.2 want: ^1.1.1
388 silly placeDep ROOT util-deprecate@1.0.2 OK for: readable-stream@3.6.2 want: ^1.0.1
389 silly fetch manifest safe-buffer@~5.2.0
390 silly packumentCache full:https://registry.npmjs.org/safe-buffer cache-hit
391 silly placeDep ROOT aws-sign2@0.7.0 OK for: request@2.88.2 want: ~0.7.0
392 silly placeDep ROOT aws4@1.13.1 OK for: request@2.88.2 want: ^1.8.0
393 silly placeDep ROOT caseless@0.12.0 OK for: request@2.88.2 want: ~0.12.0
394 silly placeDep ROOT combined-stream@1.0.8 OK for: request@2.88.2 want: ~1.0.6
395 silly placeDep ROOT extend@3.0.2 OK for: request@2.88.2 want: ~3.0.2
396 silly placeDep ROOT forever-agent@0.6.1 OK for: request@2.88.2 want: ~0.6.1
397 silly placeDep ROOT form-data@2.3.3 OK for: request@2.88.2 want: ~2.3.2
398 silly placeDep ROOT har-validator@5.1.5 OK for: request@2.88.2 want: ~5.1.3
399 silly placeDep ROOT http-signature@1.2.0 OK for: request@2.88.2 want: ~1.2.0
400 silly placeDep ROOT is-typedarray@1.0.0 OK for: request@2.88.2 want: ~1.0.0
401 silly placeDep ROOT isstream@0.1.2 OK for: request@2.88.2 want: ~0.1.2
402 silly placeDep ROOT json-stringify-safe@5.0.1 OK for: request@2.88.2 want: ~5.0.1
403 silly placeDep ROOT mime-types@2.1.35 OK for: request@2.88.2 want: ~2.1.19
404 silly placeDep ROOT oauth-sign@0.9.0 OK for: request@2.88.2 want: ~0.9.0
405 silly placeDep ROOT performance-now@2.1.0 OK for: request@2.88.2 want: ^2.1.0
406 silly placeDep ROOT qs@6.5.3 OK for: request@2.88.2 want: ~6.5.2
407 silly placeDep ROOT safe-buffer@5.2.1 OK for: request@2.88.2 want: ^5.1.2
408 silly placeDep ROOT tough-cookie@2.5.0 OK for: request@2.88.2 want: ~2.5.0
409 silly placeDep ROOT tunnel-agent@0.6.0 OK for: request@2.88.2 want: ^0.6.0
410 silly placeDep ROOT uuid@3.4.0 OK for: request@2.88.2 want: ^3.3.2
411 silly fetch manifest delayed-stream@~1.0.0
412 silly packumentCache full:https://registry.npmjs.org/delayed-stream cache-miss
413 silly fetch manifest asynckit@^0.4.0
414 silly packumentCache full:https://registry.npmjs.org/asynckit cache-miss
415 silly fetch manifest mime-types@^2.1.12
416 silly packumentCache full:https://registry.npmjs.org/mime-types cache-miss
417 silly fetch manifest ajv@^6.12.3
418 silly packumentCache full:https://registry.npmjs.org/ajv cache-miss
419 silly fetch manifest har-schema@^2.0.0
420 silly packumentCache full:https://registry.npmjs.org/har-schema cache-miss
421 silly fetch manifest assert-plus@^1.0.0
422 silly packumentCache full:https://registry.npmjs.org/assert-plus cache-miss
423 silly fetch manifest jsprim@^1.2.2
424 silly packumentCache full:https://registry.npmjs.org/jsprim cache-miss
425 http fetch GET 200 https://registry.npmjs.org/mime-types 8ms (cache hit)
426 silly packumentCache full:https://registry.npmjs.org/mime-types set size:131008 disposed:false
427 silly fetch manifest sshpk@^1.7.0
428 silly packumentCache full:https://registry.npmjs.org/sshpk cache-miss
429 http fetch GET 200 https://registry.npmjs.org/delayed-stream 24ms (cache miss)
430 silly packumentCache full:https://registry.npmjs.org/delayed-stream set size:undefined disposed:false
431 silly fetch manifest mime-db@1.52.0
432 silly packumentCache full:https://registry.npmjs.org/mime-db cache-miss
433 http fetch GET 200 https://registry.npmjs.org/har-schema 35ms (cache miss)
434 silly packumentCache full:https://registry.npmjs.org/har-schema set size:undefined disposed:false
435 silly fetch manifest psl@^1.1.28
436 silly packumentCache full:https://registry.npmjs.org/psl cache-miss
437 http fetch GET 200 https://registry.npmjs.org/asynckit 39ms (cache miss)
438 silly packumentCache full:https://registry.npmjs.org/asynckit set size:undefined disposed:false
439 silly fetch manifest punycode@^2.1.1
440 silly packumentCache full:https://registry.npmjs.org/punycode cache-miss
441 http fetch GET 200 https://registry.npmjs.org/jsprim 38ms (cache miss)
442 silly packumentCache full:https://registry.npmjs.org/jsprim set size:undefined disposed:false
443 http fetch GET 200 https://registry.npmjs.org/sshpk 35ms (cache miss)
444 silly packumentCache full:https://registry.npmjs.org/sshpk set size:undefined disposed:false
445 http fetch GET 200 https://registry.npmjs.org/assert-plus 46ms (cache miss)
446 silly packumentCache full:https://registry.npmjs.org/assert-plus set size:undefined disposed:false
447 http fetch GET 200 https://registry.npmjs.org/mime-db 29ms (cache miss)
448 silly packumentCache full:https://registry.npmjs.org/mime-db set size:undefined disposed:false
449 http fetch GET 200 https://registry.npmjs.org/ajv 54ms (cache miss)
450 silly packumentCache full:https://registry.npmjs.org/ajv set size:undefined disposed:false
451 http fetch GET 200 https://registry.npmjs.org/punycode 31ms (cache miss)
452 silly packumentCache full:https://registry.npmjs.org/punycode set size:undefined disposed:false
453 http fetch GET 200 https://registry.npmjs.org/psl 35ms (cache miss)
454 silly packumentCache full:https://registry.npmjs.org/psl set size:undefined disposed:false
455 silly placeDep ROOT delayed-stream@1.0.0 OK for: combined-stream@1.0.8 want: ~1.0.0
456 silly placeDep ROOT asynckit@0.4.0 OK for: form-data@2.3.3 want: ^0.4.0
457 silly placeDep ROOT ajv@6.12.6 OK for: har-validator@5.1.5 want: ^6.12.3
458 silly placeDep ROOT har-schema@2.0.0 OK for: har-validator@5.1.5 want: ^2.0.0
459 silly fetch manifest uri-js@^4.2.2
460 silly packumentCache full:https://registry.npmjs.org/uri-js cache-miss
461 silly fetch manifest fast-deep-equal@^3.1.1
462 silly packumentCache full:https://registry.npmjs.org/fast-deep-equal cache-miss
463 silly fetch manifest json-schema-traverse@^0.4.1
464 silly packumentCache full:https://registry.npmjs.org/json-schema-traverse cache-miss
465 silly fetch manifest fast-json-stable-stringify@^2.0.0
466 silly packumentCache full:https://registry.npmjs.org/fast-json-stable-stringify cache-miss
467 http fetch GET 200 https://registry.npmjs.org/uri-js 26ms (cache miss)
468 silly packumentCache full:https://registry.npmjs.org/uri-js set size:undefined disposed:false
469 http fetch GET 200 https://registry.npmjs.org/fast-json-stable-stringify 28ms (cache miss)
470 silly packumentCache full:https://registry.npmjs.org/fast-json-stable-stringify set size:undefined disposed:false
471 http fetch GET 200 https://registry.npmjs.org/json-schema-traverse 32ms (cache miss)
472 silly packumentCache full:https://registry.npmjs.org/json-schema-traverse set size:undefined disposed:false
473 http fetch GET 200 https://registry.npmjs.org/fast-deep-equal 34ms (cache miss)
474 silly packumentCache full:https://registry.npmjs.org/fast-deep-equal set size:undefined disposed:false
475 silly placeDep ROOT fast-deep-equal@3.1.3 OK for: ajv@6.12.6 want: ^3.1.1
476 silly placeDep ROOT fast-json-stable-stringify@2.1.0 OK for: ajv@6.12.6 want: ^2.0.0
477 silly placeDep ROOT json-schema-traverse@0.4.1 OK for: ajv@6.12.6 want: ^0.4.1
478 silly placeDep ROOT uri-js@4.4.1 OK for: ajv@6.12.6 want: ^4.2.2
479 silly fetch manifest punycode@^2.1.0
480 silly packumentCache full:https://registry.npmjs.org/punycode cache-miss
481 http fetch GET 200 https://registry.npmjs.org/punycode 2ms (cache hit)
482 silly packumentCache full:https://registry.npmjs.org/punycode set size:61302 disposed:false
483 silly placeDep ROOT assert-plus@1.0.0 OK for: http-signature@1.2.0 want: ^1.0.0
484 silly placeDep ROOT jsprim@1.4.2 OK for: http-signature@1.2.0 want: ^1.2.2
485 silly placeDep ROOT sshpk@1.18.0 OK for: http-signature@1.2.0 want: ^1.7.0
486 silly fetch manifest extsprintf@1.3.0
487 silly packumentCache full:https://registry.npmjs.org/extsprintf cache-miss
488 silly fetch manifest json-schema@0.4.0
489 silly packumentCache full:https://registry.npmjs.org/json-schema cache-miss
490 silly fetch manifest verror@1.10.0
491 silly packumentCache full:https://registry.npmjs.org/verror cache-miss
492 silly fetch manifest asn1@~0.2.3
493 silly packumentCache full:https://registry.npmjs.org/asn1 cache-miss
494 silly fetch manifest dashdash@^1.12.0
495 silly packumentCache full:https://registry.npmjs.org/dashdash cache-miss
496 silly fetch manifest getpass@^0.1.1
497 silly packumentCache full:https://registry.npmjs.org/getpass cache-miss
498 silly fetch manifest safer-buffer@^2.0.2
499 silly packumentCache full:https://registry.npmjs.org/safer-buffer cache-miss
500 http fetch GET 200 https://registry.npmjs.org/extsprintf 21ms (cache miss)
501 silly packumentCache full:https://registry.npmjs.org/extsprintf set size:undefined disposed:false
502 silly fetch manifest jsbn@~0.1.0
503 silly packumentCache full:https://registry.npmjs.org/jsbn cache-miss
504 http fetch GET 200 https://registry.npmjs.org/json-schema 30ms (cache miss)
505 silly packumentCache full:https://registry.npmjs.org/json-schema set size:undefined disposed:false
506 silly fetch manifest tweetnacl@~0.14.0
507 silly packumentCache full:https://registry.npmjs.org/tweetnacl cache-miss
508 http fetch GET 200 https://registry.npmjs.org/getpass 31ms (cache miss)
509 silly packumentCache full:https://registry.npmjs.org/getpass set size:undefined disposed:false
510 silly fetch manifest ecc-jsbn@~0.1.1
511 silly packumentCache full:https://registry.npmjs.org/ecc-jsbn cache-miss
512 http fetch GET 200 https://registry.npmjs.org/safer-buffer 34ms (cache miss)
513 silly packumentCache full:https://registry.npmjs.org/safer-buffer set size:undefined disposed:false
514 silly fetch manifest bcrypt-pbkdf@^1.0.0
515 silly packumentCache full:https://registry.npmjs.org/bcrypt-pbkdf cache-miss
516 http fetch GET 200 https://registry.npmjs.org/asn1 40ms (cache miss)
517 silly packumentCache full:https://registry.npmjs.org/asn1 set size:undefined disposed:false
518 http fetch GET 200 https://registry.npmjs.org/verror 41ms (cache miss)
519 silly packumentCache full:https://registry.npmjs.org/verror set size:undefined disposed:false
520 http fetch GET 200 https://registry.npmjs.org/dashdash 41ms (cache miss)
521 silly packumentCache full:https://registry.npmjs.org/dashdash set size:undefined disposed:false
522 http fetch GET 200 https://registry.npmjs.org/jsbn 22ms (cache miss)
523 silly packumentCache full:https://registry.npmjs.org/jsbn set size:undefined disposed:false
524 http fetch GET 200 https://registry.npmjs.org/tweetnacl 22ms (cache miss)
525 silly packumentCache full:https://registry.npmjs.org/tweetnacl set size:undefined disposed:false
526 http fetch GET 200 https://registry.npmjs.org/ecc-jsbn 24ms (cache miss)
527 silly packumentCache full:https://registry.npmjs.org/ecc-jsbn set size:undefined disposed:false
528 http fetch GET 200 https://registry.npmjs.org/bcrypt-pbkdf 24ms (cache miss)
529 silly packumentCache full:https://registry.npmjs.org/bcrypt-pbkdf set size:undefined disposed:false
530 silly placeDep ROOT extsprintf@1.3.0 OK for: jsprim@1.4.2 want: 1.3.0
531 silly placeDep ROOT json-schema@0.4.0 OK for: jsprim@1.4.2 want: 0.4.0
532 silly placeDep ROOT verror@1.10.0 OK for: jsprim@1.4.2 want: 1.10.0
533 silly fetch manifest core-util-is@1.0.2
534 silly packumentCache full:https://registry.npmjs.org/core-util-is cache-miss
535 http fetch GET 200 https://registry.npmjs.org/core-util-is 3ms (cache hit)
536 silly packumentCache full:https://registry.npmjs.org/core-util-is set size:7163 disposed:false
537 silly placeDep ROOT mime-db@1.52.0 OK for: mime-types@2.1.35 want: 1.52.0
538 silly placeDep ROOT glob@7.2.3 OK for: rimraf@2.7.1 want: ^7.1.3
539 silly fetch manifest once@^1.3.0
540 silly packumentCache full:https://registry.npmjs.org/once cache-miss
541 silly fetch manifest inflight@^1.0.4
542 silly packumentCache full:https://registry.npmjs.org/inflight cache-miss
543 silly fetch manifest minimatch@^3.1.1
544 silly packumentCache full:https://registry.npmjs.org/minimatch cache-miss
545 silly fetch manifest fs.realpath@^1.0.0
546 silly packumentCache full:https://registry.npmjs.org/fs.realpath cache-miss
547 silly fetch manifest path-is-absolute@^1.0.0
548 silly packumentCache full:https://registry.npmjs.org/path-is-absolute cache-miss
549 http fetch GET 200 https://registry.npmjs.org/fs.realpath 21ms (cache miss)
550 silly packumentCache full:https://registry.npmjs.org/fs.realpath set size:undefined disposed:false
551 http fetch GET 200 https://registry.npmjs.org/once 25ms (cache miss)
552 silly packumentCache full:https://registry.npmjs.org/once set size:undefined disposed:false
553 http fetch GET 200 https://registry.npmjs.org/inflight 25ms (cache miss)
554 silly packumentCache full:https://registry.npmjs.org/inflight set size:undefined disposed:false
555 http fetch GET 200 https://registry.npmjs.org/path-is-absolute 30ms (cache miss)
556 silly packumentCache full:https://registry.npmjs.org/path-is-absolute set size:undefined disposed:false
557 http fetch GET 200 https://registry.npmjs.org/minimatch 32ms (cache miss)
558 silly packumentCache full:https://registry.npmjs.org/minimatch set size:undefined disposed:false
559 silly placeDep ROOT fs.realpath@1.0.0 OK for: glob@7.2.3 want: ^1.0.0
560 silly placeDep ROOT inflight@1.0.6 OK for: glob@7.2.3 want: ^1.0.4
561 silly placeDep ROOT minimatch@3.1.2 OK for: glob@7.2.3 want: ^3.1.1
562 silly placeDep ROOT once@1.4.0 OK for: glob@7.2.3 want: ^1.3.0
563 silly placeDep ROOT path-is-absolute@1.0.1 OK for: glob@7.2.3 want: ^1.0.0
564 silly fetch manifest wrappy@1
565 silly packumentCache full:https://registry.npmjs.org/wrappy cache-miss
566 silly fetch manifest brace-expansion@^1.1.7
567 silly packumentCache full:https://registry.npmjs.org/brace-expansion cache-miss
568 silly fetch manifest wrappy@1
569 silly packumentCache full:https://registry.npmjs.org/wrappy cache-miss
570 http fetch GET 200 https://registry.npmjs.org/wrappy 25ms (cache miss)
571 silly packumentCache full:https://registry.npmjs.org/wrappy set size:undefined disposed:false
572 http fetch GET 200 https://registry.npmjs.org/wrappy 27ms (cache miss)
573 silly packumentCache full:https://registry.npmjs.org/wrappy set size:undefined disposed:false
574 http fetch GET 200 https://registry.npmjs.org/brace-expansion 28ms (cache miss)
575 silly packumentCache full:https://registry.npmjs.org/brace-expansion set size:undefined disposed:false
576 silly placeDep ROOT wrappy@1.0.2 OK for: inflight@1.0.6 want: 1
577 silly placeDep ROOT brace-expansion@1.1.11 OK for: minimatch@3.1.2 want: ^1.1.7
578 silly fetch manifest balanced-match@^1.0.0
579 silly packumentCache full:https://registry.npmjs.org/balanced-match cache-miss
580 silly fetch manifest concat-map@0.0.1
581 silly packumentCache full:https://registry.npmjs.org/concat-map cache-miss
582 http fetch GET 200 https://registry.npmjs.org/balanced-match 26ms (cache miss)
583 silly packumentCache full:https://registry.npmjs.org/balanced-match set size:undefined disposed:false
584 http fetch GET 200 https://registry.npmjs.org/concat-map 26ms (cache miss)
585 silly packumentCache full:https://registry.npmjs.org/concat-map set size:undefined disposed:false
586 silly placeDep ROOT balanced-match@1.0.2 OK for: brace-expansion@1.1.11 want: ^1.0.0
587 silly placeDep ROOT concat-map@0.0.1 OK for: brace-expansion@1.1.11 want: 0.0.1
588 silly placeDep ROOT asn1@0.2.6 OK for: sshpk@1.18.0 want: ~0.2.3
589 silly placeDep ROOT bcrypt-pbkdf@1.0.2 OK for: sshpk@1.18.0 want: ^1.0.0
590 silly placeDep ROOT dashdash@1.14.1 OK for: sshpk@1.18.0 want: ^1.12.0
591 silly placeDep ROOT ecc-jsbn@0.1.2 OK for: sshpk@1.18.0 want: ~0.1.1
592 silly placeDep ROOT getpass@0.1.7 OK for: sshpk@1.18.0 want: ^0.1.1
593 silly placeDep ROOT jsbn@0.1.1 OK for: sshpk@1.18.0 want: ~0.1.0
594 silly placeDep ROOT safer-buffer@2.1.2 OK for: sshpk@1.18.0 want: ^2.0.2
595 silly placeDep ROOT tweetnacl@0.14.5 OK for: sshpk@1.18.0 want: ~0.14.0
596 silly fetch manifest safer-buffer@~2.1.0
597 silly packumentCache full:https://registry.npmjs.org/safer-buffer cache-miss
598 silly fetch manifest tweetnacl@^0.14.3
599 silly packumentCache full:https://registry.npmjs.org/tweetnacl cache-miss
600 silly fetch manifest safer-buffer@^2.1.0
601 silly packumentCache full:https://registry.npmjs.org/safer-buffer cache-miss
602 http fetch GET 200 https://registry.npmjs.org/safer-buffer 5ms (cache hit)
603 silly packumentCache full:https://registry.npmjs.org/safer-buffer set size:18521 disposed:false
604 http fetch GET 200 https://registry.npmjs.org/tweetnacl 6ms (cache hit)
605 silly packumentCache full:https://registry.npmjs.org/tweetnacl set size:79790 disposed:false
606 http fetch GET 200 https://registry.npmjs.org/safer-buffer 6ms (cache hit)
607 silly packumentCache full:https://registry.npmjs.org/safer-buffer set size:18521 disposed:false
608 silly packumentCache full:https://registry.npmjs.org/safer-buffer dispose
609 silly placeDep ROOT psl@1.9.0 OK for: tough-cookie@2.5.0 want: ^1.1.28
610 silly placeDep ROOT punycode@2.3.1 OK for: tough-cookie@2.5.0 want: ^2.1.1
611 silly placeDep ROOT core-util-is@1.0.2 OK for: verror@1.10.0 want: 1.0.2
612 silly placeDep ROOT async-limiter@1.0.1 OK for: ws@6.2.3 want: ~1.0.0
613 silly placeDep ROOT buffer-crc32@0.2.13 OK for: yauzl@2.10.0 want: ~0.2.3
614 silly placeDep ROOT fd-slicer@1.1.0 OK for: yauzl@2.10.0 want: ~1.1.0
615 silly fetch manifest pend@~1.2.0
616 silly packumentCache full:https://registry.npmjs.org/pend cache-miss
617 http fetch GET 200 https://registry.npmjs.org/pend 23ms (cache miss)
618 silly packumentCache full:https://registry.npmjs.org/pend set size:undefined disposed:false
619 silly placeDep ROOT pend@1.2.0 OK for: fd-slicer@1.1.0 want: ~1.2.0
620 silly placeDep ROOT isarray@1.0.0 OK for: readable-stream@2.3.8 want: ~1.0.0
621 silly placeDep ROOT process-nextick-args@2.0.1 OK for: readable-stream@2.3.8 want: ~2.0.0
622 silly placeDep node_modules/concat-stream safe-buffer@5.1.2 OK for: readable-stream@2.3.8 want: ~5.1.1
623 silly placeDep node_modules/concat-stream string_decoder@1.1.1 OK for: readable-stream@2.3.8 want: ~1.1.1
624 silly placeDep node_modules/extract-zip ms@2.0.0 OK for: debug@2.6.9 want: 2.0.0
625 silly reify moves {}
626 silly audit bulk request {
626 silly audit   bower: [ '1.8.14' ],
626 silly audit   coffeescript: [ '2.7.0' ],
626 silly audit   diecut: [ '0.0.1' ],
626 silly audit   fiction: [ '0.0.5' ],
626 silly audit   'fs-extra': [ '7.0.1' ],
626 silly audit   htmlparser2: [ '3.10.1' ],
626 silly audit   'js-yaml': [ '3.14.1' ],
626 silly audit   lodash: [ '4.17.21' ],
626 silly audit   marked: [ '0.6.3' ],
626 silly audit   minimist: [ '1.2.8' ],
626 silly audit   mkdirp: [ '0.5.6' ],
626 silly audit   'puppeteer-core': [ '1.20.0' ],
626 silly audit   request: [ '2.88.2' ],
626 silly audit   'graceful-fs': [ '4.2.11' ],
626 silly audit   jsonfile: [ '4.0.0' ],
626 silly audit   universalify: [ '0.1.2' ],
626 silly audit   domelementtype: [ '1.3.1', '2.3.0' ],
626 silly audit   domhandler: [ '2.4.2' ],
626 silly audit   domutils: [ '1.7.0' ],
626 silly audit   entities: [ '1.1.2', '2.2.0' ],
626 silly audit   inherits: [ '2.0.4' ],
626 silly audit   'readable-stream': [ '3.6.2', '2.3.8' ],
626 silly audit   'dom-serializer': [ '0.2.2' ],
626 silly audit   argparse: [ '1.0.10' ],
626 silly audit   esprima: [ '4.0.1' ],
626 silly audit   'sprintf-js': [ '1.0.3' ],
626 silly audit   debug: [ '4.3.6', '2.6.9', '3.2.7' ],
626 silly audit   'extract-zip': [ '1.7.0' ],
626 silly audit   'https-proxy-agent': [ '2.2.4' ],
626 silly audit   mime: [ '2.6.0' ],
626 silly audit   progress: [ '2.0.3' ],
626 silly audit   'proxy-from-env': [ '1.1.0' ],
626 silly audit   rimraf: [ '2.7.1' ],
626 silly audit   ws: [ '6.2.3' ],
626 silly audit   ms: [ '2.1.2', '2.0.0' ],
626 silly audit   'concat-stream': [ '1.6.2' ],
626 silly audit   yauzl: [ '2.10.0' ],
626 silly audit   'buffer-from': [ '1.1.2' ],
626 silly audit   typedarray: [ '0.0.6' ],
626 silly audit   'agent-base': [ '4.3.0' ],
626 silly audit   'es6-promisify': [ '5.0.0' ],
626 silly audit   'es6-promise': [ '4.2.8' ],
626 silly audit   string_decoder: [ '1.3.0', '1.1.1' ],
626 silly audit   'util-deprecate': [ '1.0.2' ],
626 silly audit   'aws-sign2': [ '0.7.0' ],
626 silly audit   aws4: [ '1.13.1' ],
626 silly audit   caseless: [ '0.12.0' ],
626 silly audit   'combined-stream': [ '1.0.8' ],
626 silly audit   extend: [ '3.0.2' ],
626 silly audit   'forever-agent': [ '0.6.1' ],
626 silly audit   'form-data': [ '2.3.3' ],
626 silly audit   'har-validator': [ '5.1.5' ],
626 silly audit   'http-signature': [ '1.2.0' ],
626 silly audit   'is-typedarray': [ '1.0.0' ],
626 silly audit   isstream: [ '0.1.2' ],
626 silly audit   'json-stringify-safe': [ '5.0.1' ],
626 silly audit   'mime-types': [ '2.1.35' ],
626 silly audit   'oauth-sign': [ '0.9.0' ],
626 silly audit   'performance-now': [ '2.1.0' ],
626 silly audit   qs: [ '6.5.3' ],
626 silly audit   'safe-buffer': [ '5.2.1', '5.1.2' ],
626 silly audit   'tough-cookie': [ '2.5.0' ],
626 silly audit   'tunnel-agent': [ '0.6.0' ],
626 silly audit   uuid: [ '3.4.0' ],
626 silly audit   'delayed-stream': [ '1.0.0' ],
626 silly audit   asynckit: [ '0.4.0' ],
626 silly audit   ajv: [ '6.12.6' ],
626 silly audit   'har-schema': [ '2.0.0' ],
626 silly audit   'fast-deep-equal': [ '3.1.3' ],
626 silly audit   'fast-json-stable-stringify': [ '2.1.0' ],
626 silly audit   'json-schema-traverse': [ '0.4.1' ],
626 silly audit   'uri-js': [ '4.4.1' ],
626 silly audit   'assert-plus': [ '1.0.0' ],
626 silly audit   jsprim: [ '1.4.2' ],
626 silly audit   sshpk: [ '1.18.0' ],
626 silly audit   extsprintf: [ '1.3.0' ],
626 silly audit   'json-schema': [ '0.4.0' ],
626 silly audit   verror: [ '1.10.0' ],
626 silly audit   'mime-db': [ '1.52.0' ],
626 silly audit   glob: [ '7.2.3' ],
626 silly audit   'fs.realpath': [ '1.0.0' ],
626 silly audit   inflight: [ '1.0.6' ],
626 silly audit   minimatch: [ '3.1.2' ],
626 silly audit   once: [ '1.4.0' ],
626 silly audit   'path-is-absolute': [ '1.0.1' ],
626 silly audit   wrappy: [ '1.0.2' ],
626 silly audit   'brace-expansion': [ '1.1.11' ],
626 silly audit   'balanced-match': [ '1.0.2' ],
626 silly audit   'concat-map': [ '0.0.1' ],
626 silly audit   asn1: [ '0.2.6' ],
626 silly audit   'bcrypt-pbkdf': [ '1.0.2' ],
626 silly audit   dashdash: [ '1.14.1' ],
626 silly audit   'ecc-jsbn': [ '0.1.2' ],
626 silly audit   getpass: [ '0.1.7' ],
626 silly audit   jsbn: [ '0.1.1' ],
626 silly audit   'safer-buffer': [ '2.1.2' ],
626 silly audit   tweetnacl: [ '0.14.5' ],
626 silly audit   psl: [ '1.9.0' ],
626 silly audit   punycode: [ '2.3.1' ],
626 silly audit   'core-util-is': [ '1.0.2' ],
626 silly audit   'async-limiter': [ '1.0.1' ],
626 silly audit   'buffer-crc32': [ '0.2.13' ],
626 silly audit   'fd-slicer': [ '1.1.0' ],
626 silly audit   pend: [ '1.2.0' ],
626 silly audit   isarray: [ '1.0.0' ],
626 silly audit   'process-nextick-args': [ '2.0.1' ]
626 silly audit }
627 silly tarball no local data for process-nextick-args@https://registry.npmjs.org/process-nextick-args/-/process-nextick-args-2.0.1.tgz. Extracting by manifest.
628 silly tarball no local data for isarray@https://registry.npmjs.org/isarray/-/isarray-1.0.0.tgz. Extracting by manifest.
629 silly tarball no local data for pend@https://registry.npmjs.org/pend/-/pend-1.2.0.tgz. Extracting by manifest.
630 silly tarball no local data for fd-slicer@https://registry.npmjs.org/fd-slicer/-/fd-slicer-1.1.0.tgz. Extracting by manifest.
631 silly tarball no local data for async-limiter@https://registry.npmjs.org/async-limiter/-/async-limiter-1.0.1.tgz. Extracting by manifest.
632 silly tarball no local data for buffer-crc32@https://registry.npmjs.org/buffer-crc32/-/buffer-crc32-0.2.13.tgz. Extracting by manifest.
633 silly tarball no local data for core-util-is@https://registry.npmjs.org/core-util-is/-/core-util-is-1.0.2.tgz. Extracting by manifest.
634 silly tarball no local data for punycode@https://registry.npmjs.org/punycode/-/punycode-2.3.1.tgz. Extracting by manifest.
635 silly tarball no local data for psl@https://registry.npmjs.org/psl/-/psl-1.9.0.tgz. Extracting by manifest.
636 silly tarball no local data for tweetnacl@https://registry.npmjs.org/tweetnacl/-/tweetnacl-0.14.5.tgz. Extracting by manifest.
637 silly tarball no local data for safer-buffer@https://registry.npmjs.org/safer-buffer/-/safer-buffer-2.1.2.tgz. Extracting by manifest.
638 silly tarball no local data for jsbn@https://registry.npmjs.org/jsbn/-/jsbn-0.1.1.tgz. Extracting by manifest.
639 silly tarball no local data for getpass@https://registry.npmjs.org/getpass/-/getpass-0.1.7.tgz. Extracting by manifest.
640 silly tarball no local data for ecc-jsbn@https://registry.npmjs.org/ecc-jsbn/-/ecc-jsbn-0.1.2.tgz. Extracting by manifest.
641 silly tarball no local data for dashdash@https://registry.npmjs.org/dashdash/-/dashdash-1.14.1.tgz. Extracting by manifest.
642 silly tarball no local data for bcrypt-pbkdf@https://registry.npmjs.org/bcrypt-pbkdf/-/bcrypt-pbkdf-1.0.2.tgz. Extracting by manifest.
643 silly tarball no local data for asn1@https://registry.npmjs.org/asn1/-/asn1-0.2.6.tgz. Extracting by manifest.
644 silly tarball no local data for concat-map@https://registry.npmjs.org/concat-map/-/concat-map-0.0.1.tgz. Extracting by manifest.
645 silly tarball no local data for balanced-match@https://registry.npmjs.org/balanced-match/-/balanced-match-1.0.2.tgz. Extracting by manifest.
646 silly tarball no local data for brace-expansion@https://registry.npmjs.org/brace-expansion/-/brace-expansion-1.1.11.tgz. Extracting by manifest.
647 silly tarball no local data for wrappy@https://registry.npmjs.org/wrappy/-/wrappy-1.0.2.tgz. Extracting by manifest.
648 silly tarball no local data for once@https://registry.npmjs.org/once/-/once-1.4.0.tgz. Extracting by manifest.
649 silly tarball no local data for path-is-absolute@https://registry.npmjs.org/path-is-absolute/-/path-is-absolute-1.0.1.tgz. Extracting by manifest.
650 silly tarball no local data for minimatch@https://registry.npmjs.org/minimatch/-/minimatch-3.1.2.tgz. Extracting by manifest.
651 silly tarball no local data for inflight@https://registry.npmjs.org/inflight/-/inflight-1.0.6.tgz. Extracting by manifest.
652 silly tarball no local data for fs.realpath@https://registry.npmjs.org/fs.realpath/-/fs.realpath-1.0.0.tgz. Extracting by manifest.
653 silly tarball no local data for glob@https://registry.npmjs.org/glob/-/glob-7.2.3.tgz. Extracting by manifest.
654 silly tarball no local data for mime-db@https://registry.npmjs.org/mime-db/-/mime-db-1.52.0.tgz. Extracting by manifest.
655 silly tarball no local data for verror@https://registry.npmjs.org/verror/-/verror-1.10.0.tgz. Extracting by manifest.
656 silly tarball no local data for json-schema@https://registry.npmjs.org/json-schema/-/json-schema-0.4.0.tgz. Extracting by manifest.
657 silly tarball no local data for extsprintf@https://registry.npmjs.org/extsprintf/-/extsprintf-1.3.0.tgz. Extracting by manifest.
658 silly tarball no local data for sshpk@https://registry.npmjs.org/sshpk/-/sshpk-1.18.0.tgz. Extracting by manifest.
659 silly tarball no local data for jsprim@https://registry.npmjs.org/jsprim/-/jsprim-1.4.2.tgz. Extracting by manifest.
660 silly tarball no local data for assert-plus@https://registry.npmjs.org/assert-plus/-/assert-plus-1.0.0.tgz. Extracting by manifest.
661 silly tarball no local data for uri-js@https://registry.npmjs.org/uri-js/-/uri-js-4.4.1.tgz. Extracting by manifest.
662 silly tarball no local data for json-schema-traverse@https://registry.npmjs.org/json-schema-traverse/-/json-schema-traverse-0.4.1.tgz. Extracting by manifest.
663 silly tarball no local data for fast-json-stable-stringify@https://registry.npmjs.org/fast-json-stable-stringify/-/fast-json-stable-stringify-2.1.0.tgz. Extracting by manifest.
664 silly tarball no local data for fast-deep-equal@https://registry.npmjs.org/fast-deep-equal/-/fast-deep-equal-3.1.3.tgz. Extracting by manifest.
665 silly tarball no local data for har-schema@https://registry.npmjs.org/har-schema/-/har-schema-2.0.0.tgz. Extracting by manifest.
666 silly tarball no local data for ajv@https://registry.npmjs.org/ajv/-/ajv-6.12.6.tgz. Extracting by manifest.
667 silly tarball no local data for asynckit@https://registry.npmjs.org/asynckit/-/asynckit-0.4.0.tgz. Extracting by manifest.
668 silly tarball no local data for delayed-stream@https://registry.npmjs.org/delayed-stream/-/delayed-stream-1.0.0.tgz. Extracting by manifest.
669 silly tarball no local data for uuid@https://registry.npmjs.org/uuid/-/uuid-3.4.0.tgz. Extracting by manifest.
670 silly tarball no local data for tunnel-agent@https://registry.npmjs.org/tunnel-agent/-/tunnel-agent-0.6.0.tgz. Extracting by manifest.
671 silly tarball no local data for tough-cookie@https://registry.npmjs.org/tough-cookie/-/tough-cookie-2.5.0.tgz. Extracting by manifest.
672 silly tarball no local data for safe-buffer@https://registry.npmjs.org/safe-buffer/-/safe-buffer-5.2.1.tgz. Extracting by manifest.
673 silly tarball no local data for qs@https://registry.npmjs.org/qs/-/qs-6.5.3.tgz. Extracting by manifest.
674 silly tarball no local data for performance-now@https://registry.npmjs.org/performance-now/-/performance-now-2.1.0.tgz. Extracting by manifest.
675 silly tarball no local data for oauth-sign@https://registry.npmjs.org/oauth-sign/-/oauth-sign-0.9.0.tgz. Extracting by manifest.
676 silly tarball no local data for mime-types@https://registry.npmjs.org/mime-types/-/mime-types-2.1.35.tgz. Extracting by manifest.
677 silly tarball no local data for json-stringify-safe@https://registry.npmjs.org/json-stringify-safe/-/json-stringify-safe-5.0.1.tgz. Extracting by manifest.
678 silly tarball no local data for isstream@https://registry.npmjs.org/isstream/-/isstream-0.1.2.tgz. Extracting by manifest.
679 silly tarball no local data for har-validator@https://registry.npmjs.org/har-validator/-/har-validator-5.1.5.tgz. Extracting by manifest.
680 silly tarball no local data for is-typedarray@https://registry.npmjs.org/is-typedarray/-/is-typedarray-1.0.0.tgz. Extracting by manifest.
681 silly tarball no local data for http-signature@https://registry.npmjs.org/http-signature/-/http-signature-1.2.0.tgz. Extracting by manifest.
682 silly tarball no local data for forever-agent@https://registry.npmjs.org/forever-agent/-/forever-agent-0.6.1.tgz. Extracting by manifest.
683 silly tarball no local data for form-data@https://registry.npmjs.org/form-data/-/form-data-2.3.3.tgz. Extracting by manifest.
684 silly tarball no local data for extend@https://registry.npmjs.org/extend/-/extend-3.0.2.tgz. Extracting by manifest.
685 silly tarball no local data for combined-stream@https://registry.npmjs.org/combined-stream/-/combined-stream-1.0.8.tgz. Extracting by manifest.
686 silly tarball no local data for caseless@https://registry.npmjs.org/caseless/-/caseless-0.12.0.tgz. Extracting by manifest.
687 silly tarball no local data for aws4@https://registry.npmjs.org/aws4/-/aws4-1.13.1.tgz. Extracting by manifest.
688 silly tarball no local data for aws-sign2@https://registry.npmjs.org/aws-sign2/-/aws-sign2-0.7.0.tgz. Extracting by manifest.
689 silly tarball no local data for string_decoder@https://registry.npmjs.org/string_decoder/-/string_decoder-1.3.0.tgz. Extracting by manifest.
690 silly tarball no local data for util-deprecate@https://registry.npmjs.org/util-deprecate/-/util-deprecate-1.0.2.tgz. Extracting by manifest.
691 silly tarball no local data for es6-promise@https://registry.npmjs.org/es6-promise/-/es6-promise-4.2.8.tgz. Extracting by manifest.
692 silly tarball no local data for es6-promisify@https://registry.npmjs.org/es6-promisify/-/es6-promisify-5.0.0.tgz. Extracting by manifest.
693 silly tarball no local data for agent-base@https://registry.npmjs.org/agent-base/-/agent-base-4.3.0.tgz. Extracting by manifest.
694 silly tarball no local data for typedarray@https://registry.npmjs.org/typedarray/-/typedarray-0.0.6.tgz. Extracting by manifest.
695 silly tarball no local data for buffer-from@https://registry.npmjs.org/buffer-from/-/buffer-from-1.1.2.tgz. Extracting by manifest.
696 silly tarball no local data for yauzl@https://registry.npmjs.org/yauzl/-/yauzl-2.10.0.tgz. Extracting by manifest.
697 silly tarball no local data for concat-stream@https://registry.npmjs.org/concat-stream/-/concat-stream-1.6.2.tgz. Extracting by manifest.
698 silly tarball no local data for ms@https://registry.npmjs.org/ms/-/ms-2.1.2.tgz. Extracting by manifest.
699 silly tarball no local data for ws@https://registry.npmjs.org/ws/-/ws-6.2.3.tgz. Extracting by manifest.
700 silly tarball no local data for rimraf@https://registry.npmjs.org/rimraf/-/rimraf-2.7.1.tgz. Extracting by manifest.
701 silly tarball no local data for proxy-from-env@https://registry.npmjs.org/proxy-from-env/-/proxy-from-env-1.1.0.tgz. Extracting by manifest.
702 silly tarball no local data for progress@https://registry.npmjs.org/progress/-/progress-2.0.3.tgz. Extracting by manifest.
703 silly tarball no local data for mime@https://registry.npmjs.org/mime/-/mime-2.6.0.tgz. Extracting by manifest.
704 silly tarball no local data for https-proxy-agent@https://registry.npmjs.org/https-proxy-agent/-/https-proxy-agent-2.2.4.tgz. Extracting by manifest.
705 silly tarball no local data for extract-zip@https://registry.npmjs.org/extract-zip/-/extract-zip-1.7.0.tgz. Extracting by manifest.
706 silly tarball no local data for debug@https://registry.npmjs.org/debug/-/debug-4.3.6.tgz. Extracting by manifest.
707 silly tarball no local data for sprintf-js@https://registry.npmjs.org/sprintf-js/-/sprintf-js-1.0.3.tgz. Extracting by manifest.
708 silly tarball no local data for esprima@https://registry.npmjs.org/esprima/-/esprima-4.0.1.tgz. Extracting by manifest.
709 silly tarball no local data for argparse@https://registry.npmjs.org/argparse/-/argparse-1.0.10.tgz. Extracting by manifest.
710 silly tarball no local data for dom-serializer@https://registry.npmjs.org/dom-serializer/-/dom-serializer-0.2.2.tgz. Extracting by manifest.
711 silly tarball no local data for readable-stream@https://registry.npmjs.org/readable-stream/-/readable-stream-3.6.2.tgz. Extracting by manifest.
712 silly tarball no local data for inherits@https://registry.npmjs.org/inherits/-/inherits-2.0.4.tgz. Extracting by manifest.
713 silly tarball no local data for entities@https://registry.npmjs.org/entities/-/entities-1.1.2.tgz. Extracting by manifest.
714 silly tarball no local data for domutils@https://registry.npmjs.org/domutils/-/domutils-1.7.0.tgz. Extracting by manifest.
715 silly tarball no local data for domhandler@https://registry.npmjs.org/domhandler/-/domhandler-2.4.2.tgz. Extracting by manifest.
716 silly tarball no local data for domelementtype@https://registry.npmjs.org/domelementtype/-/domelementtype-1.3.1.tgz. Extracting by manifest.
717 silly tarball no local data for universalify@https://registry.npmjs.org/universalify/-/universalify-0.1.2.tgz. Extracting by manifest.
718 silly tarball no local data for jsonfile@https://registry.npmjs.org/jsonfile/-/jsonfile-4.0.0.tgz. Extracting by manifest.
719 silly tarball no local data for request@https://registry.npmjs.org/request/-/request-2.88.2.tgz. Extracting by manifest.
720 silly tarball no local data for graceful-fs@https://registry.npmjs.org/graceful-fs/-/graceful-fs-4.2.11.tgz. Extracting by manifest.
721 silly tarball no local data for puppeteer-core@https://registry.npmjs.org/puppeteer-core/-/puppeteer-core-1.20.0.tgz. Extracting by manifest.
722 silly tarball no local data for mkdirp@https://registry.npmjs.org/mkdirp/-/mkdirp-0.5.6.tgz. Extracting by manifest.
723 silly tarball no local data for minimist@https://registry.npmjs.org/minimist/-/minimist-1.2.8.tgz. Extracting by manifest.
724 silly tarball no local data for marked@https://registry.npmjs.org/marked/-/marked-0.6.3.tgz. Extracting by manifest.
725 silly tarball no local data for lodash@https://registry.npmjs.org/lodash/-/lodash-4.17.21.tgz. Extracting by manifest.
726 silly tarball no local data for js-yaml@https://registry.npmjs.org/js-yaml/-/js-yaml-3.14.1.tgz. Extracting by manifest.
727 silly tarball no local data for htmlparser2@https://registry.npmjs.org/htmlparser2/-/htmlparser2-3.10.1.tgz. Extracting by manifest.
728 silly tarball no local data for fs-extra@https://registry.npmjs.org/fs-extra/-/fs-extra-7.0.1.tgz. Extracting by manifest.
729 silly tarball no local data for fiction@https://registry.npmjs.org/fiction/-/fiction-0.0.5.tgz. Extracting by manifest.
730 silly tarball no local data for diecut@https://registry.npmjs.org/diecut/-/diecut-0.0.1.tgz. Extracting by manifest.
731 silly tarball no local data for coffeescript@https://registry.npmjs.org/coffeescript/-/coffeescript-2.7.0.tgz. Extracting by manifest.
732 silly tarball no local data for bower@https://registry.npmjs.org/bower/-/bower-1.8.14.tgz. Extracting by manifest.
733 silly tarball no local data for string_decoder@https://registry.npmjs.org/string_decoder/-/string_decoder-1.1.1.tgz. Extracting by manifest.
734 silly tarball no local data for safe-buffer@https://registry.npmjs.org/safe-buffer/-/safe-buffer-5.1.2.tgz. Extracting by manifest.
735 silly tarball no local data for readable-stream@https://registry.npmjs.org/readable-stream/-/readable-stream-2.3.8.tgz. Extracting by manifest.
736 silly tarball no local data for debug@https://registry.npmjs.org/debug/-/debug-3.2.7.tgz. Extracting by manifest.
737 silly tarball no local data for ms@https://registry.npmjs.org/ms/-/ms-2.0.0.tgz. Extracting by manifest.
738 silly tarball no local data for debug@https://registry.npmjs.org/debug/-/debug-2.6.9.tgz. Extracting by manifest.
739 silly tarball no local data for entities@https://registry.npmjs.org/entities/-/entities-2.2.0.tgz. Extracting by manifest.
740 silly tarball no local data for domelementtype@https://registry.npmjs.org/domelementtype/-/domelementtype-2.3.0.tgz. Extracting by manifest.
741 http fetch POST 200 https://registry.npmjs.org/-/npm/v1/security/advisories/bulk 203ms
742 silly audit report {
742 silly audit report   marked: [
742 silly audit report     {
742 silly audit report       id: 1091665,
742 silly audit report       url: 'https://github.com/advisories/GHSA-ch52-vgq2-943f',
742 silly audit report       title: 'Regular Expression Denial of Service in marked',
742 silly audit report       severity: 'low',
742 silly audit report       vulnerable_versions: '>=0.4.0 <0.7.0',
742 silly audit report       cwe: [Array],
742 silly audit report       cvss: [Object]
742 silly audit report     },
742 silly audit report     {
742 silly audit report       id: 1095051,
742 silly audit report       url: 'https://github.com/advisories/GHSA-rrrm-qjm4-v8hf',
742 silly audit report       title: 'Inefficient Regular Expression Complexity in marked',
742 silly audit report       severity: 'high',
742 silly audit report       vulnerable_versions: '<4.0.10',
742 silly audit report       cwe: [Array],
742 silly audit report       cvss: [Object]
742 silly audit report     },
742 silly audit report     {
742 silly audit report       id: 1095052,
742 silly audit report       url: 'https://github.com/advisories/GHSA-5v2h-r2cx-5xgj',
742 silly audit report       title: 'Inefficient Regular Expression Complexity in marked',
742 silly audit report       severity: 'high',
742 silly audit report       vulnerable_versions: '<4.0.10',
742 silly audit report       cwe: [Array],
742 silly audit report       cvss: [Object]
742 silly audit report     }
742 silly audit report   ],
742 silly audit report   request: [
742 silly audit report     {
742 silly audit report       id: 1096727,
742 silly audit report       url: 'https://github.com/advisories/GHSA-p8p7-x288-28g6',
742 silly audit report       title: 'Server-Side Request Forgery in Request',
742 silly audit report       severity: 'moderate',
742 silly audit report       vulnerable_versions: '<=2.88.2',
742 silly audit report       cwe: [Array],
742 silly audit report       cvss: [Object]
742 silly audit report     }
742 silly audit report   ],
742 silly audit report   'tough-cookie': [
742 silly audit report     {
742 silly audit report       id: 1097682,
742 silly audit report       url: 'https://github.com/advisories/GHSA-72xf-g2v4-qvf3',
742 silly audit report       title: 'tough-cookie Prototype Pollution vulnerability',
742 silly audit report       severity: 'moderate',
742 silly audit report       vulnerable_versions: '<4.1.3',
742 silly audit report       cwe: [Array],
742 silly audit report       cvss: [Object]
742 silly audit report     }
742 silly audit report   ]
742 silly audit report }
743 silly packumentCache corgi:https://registry.npmjs.org/marked cache-miss
744 silly packumentCache corgi:https://registry.npmjs.org/request cache-miss
745 silly packumentCache corgi:https://registry.npmjs.org/tough-cookie cache-miss
746 http fetch GET 200 https://registry.npmjs.org/pend/-/pend-1.2.0.tgz 206ms (cache miss)
747 http fetch GET 200 https://registry.npmjs.org/process-nextick-args/-/process-nextick-args-2.0.1.tgz 208ms (cache miss)
748 http fetch GET 200 https://registry.npmjs.org/async-limiter/-/async-limiter-1.0.1.tgz 205ms (cache miss)
749 http fetch GET 200 https://registry.npmjs.org/buffer-crc32/-/buffer-crc32-0.2.13.tgz 206ms (cache miss)
750 http fetch GET 200 https://registry.npmjs.org/isarray/-/isarray-1.0.0.tgz 209ms (cache miss)
751 http fetch GET 200 https://registry.npmjs.org/fd-slicer/-/fd-slicer-1.1.0.tgz 208ms (cache miss)
752 http fetch GET 200 https://registry.npmjs.org/concat-map/-/concat-map-0.0.1.tgz 202ms (cache miss)
753 http fetch GET 200 https://registry.npmjs.org/dashdash/-/dashdash-1.14.1.tgz 207ms (cache miss)
754 http fetch GET 200 https://registry.npmjs.org/bcrypt-pbkdf/-/bcrypt-pbkdf-1.0.2.tgz 206ms (cache miss)
755 http fetch GET 200 https://registry.npmjs.org/asn1/-/asn1-0.2.6.tgz 206ms (cache miss)
756 http fetch GET 200 https://registry.npmjs.org/balanced-match/-/balanced-match-1.0.2.tgz 205ms (cache miss)
757 http fetch GET 200 https://registry.npmjs.org/brace-expansion/-/brace-expansion-1.1.11.tgz 213ms (cache miss)
758 http fetch GET 200 https://registry.npmjs.org/once/-/once-1.4.0.tgz 214ms (cache miss)
759 http fetch GET 200 https://registry.npmjs.org/wrappy/-/wrappy-1.0.2.tgz 216ms (cache miss)
760 http fetch GET 200 https://registry.npmjs.org/path-is-absolute/-/path-is-absolute-1.0.1.tgz 217ms (cache miss)
761 http fetch GET 200 https://registry.npmjs.org/fs.realpath/-/fs.realpath-1.0.0.tgz 220ms (cache miss)
762 http fetch GET 200 https://registry.npmjs.org/inflight/-/inflight-1.0.6.tgz 221ms (cache miss)
763 warn deprecated inflight@1.0.6: This module is not supported, and leaks memory. Do not use it. Check out lru-cache if you want a good and tested way to coalesce async requests by a key value, which is much more comprehensive and powerful.
764 http fetch GET 200 https://registry.npmjs.org/glob/-/glob-7.2.3.tgz 220ms (cache miss)
765 warn deprecated glob@7.2.3: Glob versions prior to v9 are no longer supported
766 http fetch GET 200 https://registry.npmjs.org/minimatch/-/minimatch-3.1.2.tgz 229ms (cache miss)
767 http fetch GET 200 https://registry.npmjs.org/mime-db/-/mime-db-1.52.0.tgz 233ms (cache miss)
768 http fetch GET 200 https://registry.npmjs.org/verror/-/verror-1.10.0.tgz 232ms (cache miss)
769 http fetch GET 200 https://registry.npmjs.org/json-schema/-/json-schema-0.4.0.tgz 234ms (cache miss)
770 http fetch GET 200 https://registry.npmjs.org/extsprintf/-/extsprintf-1.3.0.tgz 238ms (cache miss)
771 http fetch GET 200 https://registry.npmjs.org/json-schema-traverse/-/json-schema-traverse-0.4.1.tgz 245ms (cache miss)
772 http fetch GET 200 https://registry.npmjs.org/assert-plus/-/assert-plus-1.0.0.tgz 255ms (cache miss)
773 http fetch GET 200 https://registry.npmjs.org/jsprim/-/jsprim-1.4.2.tgz 255ms (cache miss)
774 http fetch GET 200 https://registry.npmjs.org/fast-json-stable-stringify/-/fast-json-stable-stringify-2.1.0.tgz 253ms (cache miss)
775 http fetch GET 200 https://registry.npmjs.org/har-schema/-/har-schema-2.0.0.tgz 262ms (cache miss)
776 http fetch GET 200 https://registry.npmjs.org/uuid/-/uuid-3.4.0.tgz 279ms (cache miss)
777 http fetch GET 200 https://registry.npmjs.org/asynckit/-/asynckit-0.4.0.tgz 281ms (cache miss)
778 http fetch GET 200 https://registry.npmjs.org/tunnel-agent/-/tunnel-agent-0.6.0.tgz 282ms (cache miss)
779 http fetch GET 200 https://registry.npmjs.org/fast-deep-equal/-/fast-deep-equal-3.1.3.tgz 286ms (cache miss)
780 http fetch GET 200 https://registry.npmjs.org/delayed-stream/-/delayed-stream-1.0.0.tgz 288ms (cache miss)
781 http fetch GET 200 https://registry.npmjs.org/safe-buffer/-/safe-buffer-5.2.1.tgz 295ms (cache miss)
782 http fetch GET 200 https://registry.npmjs.org/tough-cookie/-/tough-cookie-2.5.0.tgz 312ms (cache miss)
783 warn deprecated uuid@3.4.0: Please upgrade  to version 7 or higher.  Older versions may use Math.random() in certain circumstances, which is known to be problematic.  See https://v8.dev/blog/math-random for details.
784 http fetch GET 200 https://registry.npmjs.org/json-stringify-safe/-/json-stringify-safe-5.0.1.tgz 316ms (cache miss)
785 http fetch GET 200 https://registry.npmjs.org/performance-now/-/performance-now-2.1.0.tgz 321ms (cache miss)
786 http fetch GET 200 https://registry.npmjs.org/oauth-sign/-/oauth-sign-0.9.0.tgz 323ms (cache miss)
787 http fetch GET 200 https://registry.npmjs.org/mime-types/-/mime-types-2.1.35.tgz 325ms (cache miss)
788 http fetch GET 200 https://registry.npmjs.org/har-validator/-/har-validator-5.1.5.tgz 323ms (cache miss)
789 warn deprecated har-validator@5.1.5: this library is no longer supported
790 http fetch GET 200 https://registry.npmjs.org/isstream/-/isstream-0.1.2.tgz 335ms (cache miss)
791 http fetch GET 200 https://registry.npmjs.org/http-signature/-/http-signature-1.2.0.tgz 345ms (cache miss)
792 http fetch GET 200 https://registry.npmjs.org/is-typedarray/-/is-typedarray-1.0.0.tgz 359ms (cache miss)
793 http fetch GET 200 https://registry.npmjs.org/extend/-/extend-3.0.2.tgz 358ms (cache miss)
794 http fetch GET 200 https://registry.npmjs.org/forever-agent/-/forever-agent-0.6.1.tgz 359ms (cache miss)
795 http fetch GET 200 https://registry.npmjs.org/string_decoder/-/string_decoder-1.3.0.tgz 374ms (cache miss)
796 http fetch GET 200 https://registry.npmjs.org/caseless/-/caseless-0.12.0.tgz 377ms (cache miss)
797 http fetch GET 200 https://registry.npmjs.org/form-data/-/form-data-2.3.3.tgz 386ms (cache miss)
798 http fetch GET 200 https://registry.npmjs.org/combined-stream/-/combined-stream-1.0.8.tgz 385ms (cache miss)
799 http fetch GET 200 https://registry.npmjs.org/aws4/-/aws4-1.13.1.tgz 384ms (cache miss)
800 http fetch GET 200 https://registry.npmjs.org/aws-sign2/-/aws-sign2-0.7.0.tgz 406ms (cache miss)
801 http fetch GET 200 https://registry.npmjs.org/util-deprecate/-/util-deprecate-1.0.2.tgz 437ms (cache miss)
802 http fetch GET 200 https://registry.npmjs.org/es6-promisify/-/es6-promisify-5.0.0.tgz 436ms (cache miss)
803 http fetch GET 200 https://registry.npmjs.org/typedarray/-/typedarray-0.0.6.tgz 435ms (cache miss)
804 http fetch GET 200 https://registry.npmjs.org/sshpk/-/sshpk-1.18.0.tgz 473ms (cache miss)
805 http fetch GET 200 https://registry.npmjs.org/ms/-/ms-2.1.2.tgz 448ms (cache miss)
806 http fetch GET 200 https://registry.npmjs.org/qs/-/qs-6.5.3.tgz 484ms (cache miss)
807 http fetch GET 200 https://registry.npmjs.org/buffer-from/-/buffer-from-1.1.2.tgz 473ms (cache miss)
808 http fetch GET 200 https://registry.npmjs.org/agent-base/-/agent-base-4.3.0.tgz 487ms (cache miss)
809 http fetch GET 200 https://registry.npmjs.org/yauzl/-/yauzl-2.10.0.tgz 485ms (cache miss)
810 http fetch GET 200 https://registry.npmjs.org/concat-stream/-/concat-stream-1.6.2.tgz 485ms (cache miss)
811 http fetch GET 200 https://registry.npmjs.org/rimraf/-/rimraf-2.7.1.tgz 493ms (cache miss)
812 warn deprecated rimraf@2.7.1: Rimraf versions prior to v4 are no longer supported
813 http fetch GET 200 https://registry.npmjs.org/progress/-/progress-2.0.3.tgz 497ms (cache miss)
814 http fetch GET 200 https://registry.npmjs.org/sprintf-js/-/sprintf-js-1.0.3.tgz 496ms (cache miss)
815 http fetch GET 200 https://registry.npmjs.org/extract-zip/-/extract-zip-1.7.0.tgz 502ms (cache miss)
816 http fetch GET 200 https://registry.npmjs.org/https-proxy-agent/-/https-proxy-agent-2.2.4.tgz 502ms (cache miss)
817 http fetch GET 200 https://registry.npmjs.org/punycode/-/punycode-2.3.1.tgz 557ms (cache miss)
818 http fetch GET 200 https://registry.npmjs.org/proxy-from-env/-/proxy-from-env-1.1.0.tgz 510ms (cache miss)
819 http fetch GET 200 https://registry.npmjs.org/core-util-is/-/core-util-is-1.0.2.tgz 563ms (cache miss)
820 http fetch GET 200 https://registry.npmjs.org/dom-serializer/-/dom-serializer-0.2.2.tgz 517ms (cache miss)
821 http fetch GET 200 https://registry.npmjs.org/inherits/-/inherits-2.0.4.tgz 521ms (cache miss)
822 http fetch GET 200 https://registry.npmjs.org/domhandler/-/domhandler-2.4.2.tgz 520ms (cache miss)
823 http fetch GET 200 https://registry.npmjs.org/universalify/-/universalify-0.1.2.tgz 524ms (cache miss)
824 http fetch GET 200 https://registry.npmjs.org/domelementtype/-/domelementtype-1.3.1.tgz 526ms (cache miss)
825 http fetch GET 200 https://registry.npmjs.org/domutils/-/domutils-1.7.0.tgz 532ms (cache miss)
826 http fetch GET 200 https://registry.npmjs.org/minimist/-/minimist-1.2.8.tgz 528ms (cache miss)
827 http fetch GET 200 https://registry.npmjs.org/jsonfile/-/jsonfile-4.0.0.tgz 532ms (cache miss)
828 http fetch GET 200 https://registry.npmjs.org/ws/-/ws-6.2.3.tgz 546ms (cache miss)
829 http fetch GET 200 https://registry.npmjs.org/string_decoder/-/string_decoder-1.1.1.tgz 526ms (cache miss)
830 http fetch GET 200 https://registry.npmjs.org/mkdirp/-/mkdirp-0.5.6.tgz 539ms (cache miss)
831 http fetch GET 200 https://registry.npmjs.org/fiction/-/fiction-0.0.5.tgz 536ms (cache miss)
832 http fetch GET 200 https://registry.npmjs.org/htmlparser2/-/htmlparser2-3.10.1.tgz 537ms (cache miss)
833 http fetch GET 200 https://registry.npmjs.org/debug/-/debug-3.2.7.tgz 533ms (cache miss)
834 http fetch GET 200 https://registry.npmjs.org/ms/-/ms-2.0.0.tgz 533ms (cache miss)
835 http fetch GET 200 https://registry.npmjs.org/safe-buffer/-/safe-buffer-5.1.2.tgz 538ms (cache miss)
836 http fetch GET 200 https://registry.npmjs.org/graceful-fs/-/graceful-fs-4.2.11.tgz 553ms (cache miss)
837 http fetch GET 200 https://registry.npmjs.org/marked/-/marked-0.6.3.tgz 551ms (cache miss)
838 http fetch GET 200 https://registry.npmjs.org/domelementtype/-/domelementtype-2.3.0.tgz 540ms (cache miss)
839 http fetch GET 200 https://registry.npmjs.org/esprima/-/esprima-4.0.1.tgz 564ms (cache miss)
840 http fetch GET 200 https://registry.npmjs.org/diecut/-/diecut-0.0.1.tgz 553ms (cache miss)
841 http fetch GET 200 https://registry.npmjs.org/getpass/-/getpass-0.1.7.tgz 611ms (cache miss)
842 http fetch GET 200 https://registry.npmjs.org/safer-buffer/-/safer-buffer-2.1.2.tgz 618ms (cache miss)
843 http fetch GET 200 https://registry.npmjs.org/debug/-/debug-4.3.6.tgz 574ms (cache miss)
844 http fetch GET 200 https://registry.npmjs.org/entities/-/entities-1.1.2.tgz 572ms (cache miss)
845 http fetch GET 200 https://registry.npmjs.org/ecc-jsbn/-/ecc-jsbn-0.1.2.tgz 620ms (cache miss)
846 http fetch GET 200 https://registry.npmjs.org/mime/-/mime-2.6.0.tgz 581ms (cache miss)
847 http fetch GET 200 https://registry.npmjs.org/jsbn/-/jsbn-0.1.1.tgz 625ms (cache miss)
848 http fetch GET 200 https://registry.npmjs.org/entities/-/entities-2.2.0.tgz 559ms (cache miss)
849 http fetch GET 200 https://registry.npmjs.org/request 457ms (cache miss)
850 silly packumentCache corgi:https://registry.npmjs.org/request set size:undefined disposed:false
851 http fetch GET 200 https://registry.npmjs.org/uri-js/-/uri-js-4.4.1.tgz 622ms (cache miss)
852 http fetch GET 200 https://registry.npmjs.org/tough-cookie 471ms (cache miss)
853 silly packumentCache corgi:https://registry.npmjs.org/tough-cookie set size:undefined disposed:false
854 http fetch GET 200 https://registry.npmjs.org/request/-/request-2.88.2.tgz 592ms (cache miss)
855 http fetch GET 200 https://registry.npmjs.org/readable-stream/-/readable-stream-3.6.2.tgz 599ms (cache miss)
856 warn deprecated request@2.88.2: request has been deprecated, see https://github.com/request/request/issues/3142
857 http fetch GET 200 https://registry.npmjs.org/es6-promise/-/es6-promise-4.2.8.tgz 616ms (cache miss)
858 http fetch GET 200 https://registry.npmjs.org/readable-stream/-/readable-stream-2.3.8.tgz 586ms (cache miss)
859 http fetch GET 200 https://registry.npmjs.org/argparse/-/argparse-1.0.10.tgz 606ms (cache miss)
860 http fetch GET 200 https://registry.npmjs.org/marked 486ms (cache miss)
861 silly packumentCache corgi:https://registry.npmjs.org/marked set size:undefined disposed:false
862 http fetch GET 200 https://registry.npmjs.org/debug/-/debug-2.6.9.tgz 597ms (cache miss)
863 http fetch GET 200 https://registry.npmjs.org/tweetnacl/-/tweetnacl-0.14.5.tgz 677ms (cache miss)
864 silly packumentCache corgi:https://registry.npmjs.org/fiction cache-miss
865 http fetch GET 200 https://registry.npmjs.org/js-yaml/-/js-yaml-3.14.1.tgz 640ms (cache miss)
866 http fetch GET 200 https://registry.npmjs.org/psl/-/psl-1.9.0.tgz 700ms (cache miss)
867 http fetch GET 200 https://registry.npmjs.org/fs-extra/-/fs-extra-7.0.1.tgz 639ms (cache miss)
868 http fetch GET 200 https://registry.npmjs.org/ajv/-/ajv-6.12.6.tgz 704ms (cache miss)
869 http fetch GET 200 https://registry.npmjs.org/puppeteer-core/-/puppeteer-core-1.20.0.tgz 669ms (cache miss)
870 http fetch GET 200 https://registry.npmjs.org/coffeescript/-/coffeescript-2.7.0.tgz 674ms (cache miss)
871 http fetch GET 200 https://registry.npmjs.org/lodash/-/lodash-4.17.21.tgz 857ms (cache miss)
872 http fetch GET 200 https://registry.npmjs.org/fiction 537ms (cache miss)
873 silly packumentCache corgi:https://registry.npmjs.org/fiction set size:undefined disposed:false
874 http fetch GET 200 https://registry.npmjs.org/bower/-/bower-1.8.14.tgz 2320ms (cache miss)
875 info run puppeteer-core@1.20.0 install node_modules/puppeteer-core node install.js
876 info run puppeteer-core@1.20.0 install { code: 0, signal: null }
877 silly ADD node_modules/process-nextick-args
878 silly ADD node_modules/isarray
879 silly ADD node_modules/pend
880 silly ADD node_modules/fd-slicer
881 silly ADD node_modules/buffer-crc32
882 silly ADD node_modules/async-limiter
883 silly ADD node_modules/core-util-is
884 silly ADD node_modules/punycode
885 silly ADD node_modules/psl
886 silly ADD node_modules/tweetnacl
887 silly ADD node_modules/safer-buffer
888 silly ADD node_modules/jsbn
889 silly ADD node_modules/getpass
890 silly ADD node_modules/ecc-jsbn
891 silly ADD node_modules/dashdash
892 silly ADD node_modules/bcrypt-pbkdf
893 silly ADD node_modules/asn1
894 silly ADD node_modules/concat-map
895 silly ADD node_modules/balanced-match
896 silly ADD node_modules/brace-expansion
897 silly ADD node_modules/wrappy
898 silly ADD node_modules/path-is-absolute
899 silly ADD node_modules/once
900 silly ADD node_modules/minimatch
901 silly ADD node_modules/inflight
902 silly ADD node_modules/fs.realpath
903 silly ADD node_modules/glob
904 silly ADD node_modules/mime-db
905 silly ADD node_modules/verror
906 silly ADD node_modules/json-schema
907 silly ADD node_modules/extsprintf
908 silly ADD node_modules/sshpk
909 silly ADD node_modules/jsprim
910 silly ADD node_modules/assert-plus
911 silly ADD node_modules/uri-js
912 silly ADD node_modules/json-schema-traverse
913 silly ADD node_modules/fast-json-stable-stringify
914 silly ADD node_modules/fast-deep-equal
915 silly ADD node_modules/har-schema
916 silly ADD node_modules/ajv
917 silly ADD node_modules/asynckit
918 silly ADD node_modules/delayed-stream
919 silly ADD node_modules/uuid
920 silly ADD node_modules/tunnel-agent
921 silly ADD node_modules/tough-cookie
922 silly ADD node_modules/safe-buffer
923 silly ADD node_modules/qs
924 silly ADD node_modules/performance-now
925 silly ADD node_modules/oauth-sign
926 silly ADD node_modules/mime-types
927 silly ADD node_modules/json-stringify-safe
928 silly ADD node_modules/isstream
929 silly ADD node_modules/is-typedarray
930 silly ADD node_modules/http-signature
931 silly ADD node_modules/har-validator
932 silly ADD node_modules/form-data
933 silly ADD node_modules/forever-agent
934 silly ADD node_modules/extend
935 silly ADD node_modules/combined-stream
936 silly ADD node_modules/caseless
937 silly ADD node_modules/aws4
938 silly ADD node_modules/aws-sign2
939 silly ADD node_modules/util-deprecate
940 silly ADD node_modules/string_decoder
941 silly ADD node_modules/es6-promise
942 silly ADD node_modules/es6-promisify
943 silly ADD node_modules/agent-base
944 silly ADD node_modules/typedarray
945 silly ADD node_modules/buffer-from
946 silly ADD node_modules/yauzl
947 silly ADD node_modules/concat-stream
948 silly ADD node_modules/concat-stream/node_modules/string_decoder
949 silly ADD node_modules/concat-stream/node_modules/safe-buffer
950 silly ADD node_modules/concat-stream/node_modules/readable-stream
951 silly ADD node_modules/ms
952 silly ADD node_modules/ws
953 silly ADD node_modules/rimraf
954 silly ADD node_modules/proxy-from-env
955 silly ADD node_modules/progress
956 silly ADD node_modules/mime
957 silly ADD node_modules/https-proxy-agent
958 silly ADD node_modules/https-proxy-agent/node_modules/debug
959 silly ADD node_modules/extract-zip
960 silly ADD node_modules/extract-zip/node_modules/ms
961 silly ADD node_modules/extract-zip/node_modules/debug
962 silly ADD node_modules/debug
963 silly ADD node_modules/sprintf-js
964 silly ADD node_modules/esprima
965 silly ADD node_modules/argparse
966 silly ADD node_modules/dom-serializer
967 silly ADD node_modules/dom-serializer/node_modules/entities
968 silly ADD node_modules/dom-serializer/node_modules/domelementtype
969 silly ADD node_modules/readable-stream
970 silly ADD node_modules/inherits
971 silly ADD node_modules/entities
972 silly ADD node_modules/domutils
973 silly ADD node_modules/domhandler
974 silly ADD node_modules/domelementtype
975 silly ADD node_modules/universalify
976 silly ADD node_modules/jsonfile
977 silly ADD node_modules/graceful-fs
978 silly ADD node_modules/request
979 silly ADD node_modules/puppeteer-core
980 silly ADD node_modules/mkdirp
981 silly ADD node_modules/minimist
982 silly ADD node_modules/marked
983 silly ADD node_modules/lodash
984 silly ADD node_modules/js-yaml
985 silly ADD node_modules/htmlparser2
986 silly ADD node_modules/fs-extra
987 silly ADD node_modules/fiction
988 silly ADD node_modules/diecut
989 silly ADD node_modules/coffeescript
990 silly ADD node_modules/bower
991 verbose cwd /root/porting/ports/math/h2oai/work/h2o-3-jenkins-3.46.0.1/h2o-web
992 verbose os FreeBSD 13.3-RELEASE-p3
993 verbose node v20.14.0
994 verbose npm  v10.8.1
995 notice
995 notice New [36mpatch[39m version of npm available! [36m10.8.1[39m -> [34m10.8.2[39m
995 notice Changelog: [34mhttps://github.com/npm/cli/releases/tag/v10.8.2[39m
995 notice To update run: [4mnpm install -g npm@10.8.2[24m
995 notice  { force: true, [Symbol(proc-log.meta)]: true }
996 verbose exit 0
997 info ok
